Log file open, 05/30/18 10:28:52
LogWindows: Failed to load 'aqProf.dll' (GetLastError=126)
LogWindows: File 'aqProf.dll' does not exist
LogWindows: Failed to load 'VSPerf140.dll' (GetLastError=126)
LogWindows: File 'VSPerf140.dll' does not exist
LogWindows: Failed to load 'VtuneApi.dll' (GetLastError=126)
LogWindows: File 'VtuneApi.dll' does not exist
LogWindows: Failed to load 'VtuneApi32e.dll' (GetLastError=126)
LogWindows: File 'VtuneApi32e.dll' does not exist
LogInit: Display: Running engine for game: ACProject
LogPlatformFile: Not using cached read wrapper
LogInit: Display: RandInit(1826802158) SRandInit(1826802158).
LogInit: Read version file with build ID '3709383'
LogInit: Overriding engine version to CL 3832480, compatible CL 3709383
LogInit: Registered custom module enumerator with build ID '3709383'
LogTaskGraph: Started task graph with 5 named threads and 14 total threads with 3 sets of task threads.
LogStats: Stats thread started at 0.187083
LogD3D11RHI: Aftermath initialized
LogModuleManager: Display: Found up-to-date module file ../../../Engine/Plugins/2D/Paper2D/Binaries/Win64/UE4Editor-Paper2D.dll (API version 3709383).
LogModuleManager: Display: Found up-to-date module file ../../../Engine/Plugins/2D/Paper2D/Binaries/Win64/UE4Editor-Paper2DEditor.dll (API version 3709383).
LogModuleManager: Display: Found up-to-date module file ../../../Engine/Plugins/2D/Paper2D/Binaries/Win64/UE4Editor-PaperSpriteSheetImporter.dll (API version 3709383).
LogModuleManager: Display: Found up-to-date module file ../../../Engine/Plugins/2D/Paper2D/Binaries/Win64/UE4Editor-PaperTiledImporter.dll (API version 3709383).
LogModuleManager: Display: Found up-to-date module file ../../../Engine/Plugins/2D/Paper2D/Binaries/Win64/UE4Editor-SmartSnapping.dll (API version 3709383).
LogModuleManager: Display: Found up-to-date module file ../../../Engine/Plugins/Blendables/LightPropagationVolume/Binaries/Win64/UE4Editor-LightPropagationVolumeRuntime.dll (API version 3709383).
LogModuleManager: Display: Found up-to-date module file ../../../Engine/Plugins/Blendables/LightPropagationVolume/Binaries/Win64/UE4Editor-LightPropagationVolumeEditor.dll (API version 3709383).
LogModuleManager: Display: Found up-to-date module file ../../../Engine/Plugins/Developer/GitSourceControl/Binaries/Win64/UE4Editor-GitSourceControl.dll (API version 3709383).
LogModuleManager: Display: Found up-to-date module file ../../../Engine/Plugins/Developer/PerforceSourceControl/Binaries/Win64/UE4Editor-PerforceSourceControl.dll (API version 3709383).
LogModuleManager: Display: Found up-to-date module file ../../../Engine/Plugins/Developer/SubversionSourceControl/Binaries/Win64/UE4Editor-SubversionSourceControl.dll (API version 3709383).
LogModuleManager: Display: Found up-to-date module file ../../../Engine/Plugins/Developer/UObjectPlugin/Binaries/Win64/UE4Editor-UObjectPlugin.dll (API version 3709383).
LogModuleManager: Display: Found up-to-date module file ../../../Engine/Plugins/Developer/VisualStudioCodeSourceCodeAccess/Binaries/Win64/UE4Editor-VisualStudioCodeSourceCodeAccess.dll (API version 3709383).
LogModuleManager: Display: Found up-to-date module file ../../../Engine/Plugins/Developer/VisualStudioSourceCodeAccess/Binaries/Win64/UE4Editor-VisualStudioSourceCodeAccess.dll (API version 3709383).
LogModuleManager: Display: Found up-to-date module file ../../../Engine/Plugins/Editor/AssetManagerEditor/Binaries/Win64/UE4Editor-AssetManagerEditor.dll (API version 3709383).
LogModuleManager: Display: Found up-to-date module file ../../../Engine/Plugins/Editor/AudioCapture/Binaries/Win64/UE4Editor-AudioCapture.dll (API version 3709383).
LogModuleManager: Display: Found up-to-date module file ../../../Engine/Plugins/Editor/FacialAnimation/Binaries/Win64/UE4Editor-FacialAnimation.dll (API version 3709383).
LogModuleManager: Display: Found up-to-date module file ../../../Engine/Plugins/Editor/FacialAnimation/Binaries/Win64/UE4Editor-FacialAnimationEditor.dll (API version 3709383).
LogModuleManager: Display: Found up-to-date module file ../../../Engine/Plugins/Editor/GameplayTagsEditor/Binaries/Win64/UE4Editor-GameplayTagsEditor.dll (API version 3709383).
LogModuleManager: Display: Found up-to-date module file ../../../Engine/Plugins/Editor/MobileLauncherProfileWizard/Binaries/Win64/UE4Editor-MobileLauncherProfileWizard.dll (API version 3709383).
LogModuleManager: Display: Found up-to-date module file ../../../Engine/Plugins/Editor/PluginBrowser/Binaries/Win64/UE4Editor-PluginBrowser.dll (API version 3709383).
LogModuleManager: Display: Found up-to-date module file ../../../Engine/Plugins/Editor/SpeedTreeImporter/Binaries/Win64/UE4Editor-SpeedTreeImporter.dll (API version 3709383).
LogModuleManager: Display: Found up-to-date module file ../../../Engine/Plugins/Experimental/AlembicImporter/Binaries/Win64/UE4Editor-AlembicImporter.dll (API version 3709383).
LogModuleManager: Display: Found up-to-date module file ../../../Engine/Plugins/Experimental/AlembicImporter/Binaries/Win64/UE4Editor-AlembicLibrary.dll (API version 3709383).
LogModuleManager: Display: Found up-to-date module file ../../../Engine/Plugins/Experimental/CharacterAI/Binaries/Win64/UE4Editor-CharacterAI.dll (API version 3709383).
LogModuleManager: Display: Found up-to-date module file ../../../Engine/Plugins/Experimental/HTML5Networking/Binaries/Win64/UE4Editor-HTML5Networking.dll (API version 3709383).
LogModuleManager: Display: Found up-to-date module file ../../../Engine/Plugins/Media/AndroidMedia/Binaries/Win64/UE4Editor-AndroidMediaEditor.dll (API version 3709383).
LogModuleManager: Display: Found up-to-date module file ../../../Engine/Plugins/Media/AndroidMedia/Binaries/Win64/UE4Editor-AndroidMediaFactory.dll (API version 3709383).
LogModuleManager: Display: Found up-to-date module file ../../../Engine/Plugins/Media/AvfMedia/Binaries/Win64/UE4Editor-AvfMediaEditor.dll (API version 3709383).
LogModuleManager: Display: Found up-to-date module file ../../../Engine/Plugins/Media/AvfMedia/Binaries/Win64/UE4Editor-AvfMediaFactory.dll (API version 3709383).
LogModuleManager: Display: Found up-to-date module file ../../../Engine/Plugins/Media/AvfMedia/Binaries/Win64/UE4Editor-AvfMediaFactory.dll (API version 3709383).
LogModuleManager: Display: Found up-to-date module file ../../../Engine/Plugins/Media/ImgMedia/Binaries/Win64/UE4Editor-ImgMedia.dll (API version 3709383).
LogModuleManager: Display: Found up-to-date module file ../../../Engine/Plugins/Media/ImgMedia/Binaries/Win64/UE4Editor-ImgMediaEditor.dll (API version 3709383).
LogModuleManager: Display: Found up-to-date module file ../../../Engine/Plugins/Media/ImgMedia/Binaries/Win64/UE4Editor-ImgMediaFactory.dll (API version 3709383).
LogModuleManager: Display: Found up-to-date module file ../../../Engine/Plugins/Media/ImgMedia/Binaries/Win64/UE4Editor-ImgMediaFactory.dll (API version 3709383).
LogModuleManager: Display: Found up-to-date module file ../../../Engine/Plugins/Media/ImgMedia/Binaries/Win64/UE4Editor-OpenExrWrapper.dll (API version 3709383).
LogModuleManager: Display: Found up-to-date module file ../../../Engine/Plugins/Media/MediaCompositing/Binaries/Win64/UE4Editor-MediaCompositing.dll (API version 3709383).
LogModuleManager: Display: Found up-to-date module file ../../../Engine/Plugins/Media/MediaCompositing/Binaries/Win64/UE4Editor-MediaCompositingEditor.dll (API version 3709383).
LogModuleManager: Display: Found up-to-date module file ../../../Engine/Plugins/Media/MediaPlayerEditor/Binaries/Win64/UE4Editor-MediaPlayerEditor.dll (API version 3709383).
LogModuleManager: Display: Found up-to-date module file ../../../Engine/Plugins/Media/WmfMedia/Binaries/Win64/UE4Editor-WmfMedia.dll (API version 3709383).
LogModuleManager: Display: Found up-to-date module file ../../../Engine/Plugins/Media/WmfMedia/Binaries/Win64/UE4Editor-WmfMediaEditor.dll (API version 3709383).
LogModuleManager: Display: Found up-to-date module file ../../../Engine/Plugins/Media/WmfMedia/Binaries/Win64/UE4Editor-WmfMediaFactory.dll (API version 3709383).
LogModuleManager: Display: Found up-to-date module file ../../../Engine/Plugins/Media/WmfMedia/Binaries/Win64/UE4Editor-WmfMediaFactory.dll (API version 3709383).
LogModuleManager: Display: Found up-to-date module file ../../../Engine/Plugins/Messaging/TcpMessaging/Binaries/Win64/UE4Editor-TcpMessaging.dll (API version 3709383).
LogModuleManager: Display: Found up-to-date module file ../../../Engine/Plugins/Messaging/UdpMessaging/Binaries/Win64/UE4Editor-UdpMessaging.dll (API version 3709383).
LogModuleManager: Display: Found up-to-date module file ../../../Engine/Plugins/MovieScene/ActorSequence/Binaries/Win64/UE4Editor-ActorSequence.dll (API version 3709383).
LogModuleManager: Display: Found up-to-date module file ../../../Engine/Plugins/MovieScene/LevelSequenceEditor/Binaries/Win64/UE4Editor-LevelSequenceEditor.dll (API version 3709383).
LogModuleManager: Display: Found up-to-date module file ../../../Engine/Plugins/MovieScene/MatineeToLevelSequence/Binaries/Win64/UE4Editor-MatineeToLevelSequence.dll (API version 3709383).
LogModuleManager: Display: Found up-to-date module file ../../../Engine/Plugins/Online/OnlineSubsystem/Binaries/Win64/UE4Editor-OnlineSubsystem.dll (API version 3709383).
LogModuleManager: Display: Found up-to-date module file ../../../Engine/Plugins/Runtime/AndroidPermission/Binaries/Win64/UE4Editor-AndroidPermission.dll (API version 3709383).
LogModuleManager: Display: Found up-to-date module file ../../../Engine/Plugins/Online/OnlineSubsystemNull/Binaries/Win64/UE4Editor-OnlineSubsystemNull.dll (API version 3709383).
LogModuleManager: Display: Found up-to-date module file ../../../Engine/Plugins/Online/OnlineSubsystemUtils/Binaries/Win64/UE4Editor-OnlineSubsystemUtils.dll (API version 3709383).
LogModuleManager: Display: Found up-to-date module file ../../../Engine/Plugins/Online/OnlineSubsystemUtils/Binaries/Win64/UE4Editor-OnlineBlueprintSupport.dll (API version 3709383).
LogModuleManager: Display: Found up-to-date module file ../../../Engine/Plugins/Runtime/AndroidDeviceProfileSelector/Binaries/Win64/UE4Editor-AndroidDeviceProfileSelector.dll (API version 3709383).
LogModuleManager: Display: Found up-to-date module file ../../../Engine/Plugins/Runtime/AppleARKit/Binaries/Win64/UE4Editor-AppleARKit.dll (API version 3709383).
LogModuleManager: Display: Found up-to-date module file ../../../Engine/Plugins/Runtime/ArchVisCharacter/Binaries/Win64/UE4Editor-ArchVisCharacter.dll (API version 3709383).
LogModuleManager: Display: Found up-to-date module file ../../../Engine/Plugins/Runtime/CableComponent/Binaries/Win64/UE4Editor-CableComponent.dll (API version 3709383).
LogModuleManager: Display: Found up-to-date module file ../../../Engine/Plugins/Runtime/CustomMeshComponent/Binaries/Win64/UE4Editor-CustomMeshComponent.dll (API version 3709383).
LogModuleManager: Display: Found up-to-date module file ../../../Engine/Plugins/Runtime/ExampleDeviceProfileSelector/Binaries/Win64/UE4Editor-ExampleDeviceProfileSelector.dll (API version 3709383).
LogModuleManager: Display: Found up-to-date module file ../../../Engine/Plugins/Runtime/ImmediatePhysics/Binaries/Win64/UE4Editor-ImmediatePhysics.dll (API version 3709383).
LogModuleManager: Display: Found up-to-date module file ../../../Engine/Plugins/Runtime/ImmediatePhysics/Binaries/Win64/UE4Editor-ImmediatePhysicsEditor.dll (API version 3709383).
LogModuleManager: Display: Found up-to-date module file ../../../Engine/Plugins/Runtime/LocationServicesBPLibrary/Binaries/Win64/UE4Editor-LocationServicesBPLibrary.dll (API version 3709383).
LogModuleManager: Display: Found up-to-date module file ../../../Engine/Plugins/Runtime/MobilePatchingUtils/Binaries/Win64/UE4Editor-MobilePatchingUtils.dll (API version 3709383).
LogModuleManager: Display: Found up-to-date module file ../../../Engine/Plugins/Runtime/Oculus/OculusVR/Binaries/Win64/UE4Editor-OculusHMD.dll (API version 3709383).
LogModuleManager: Display: Found up-to-date module file ../../../Engine/Plugins/Runtime/Oculus/OculusVR/Binaries/Win64/UE4Editor-OculusInput.dll (API version 3709383).
LogModuleManager: Display: Found up-to-date module file ../../../Engine/Plugins/Runtime/Oculus/OculusVR/Binaries/Win64/UE4Editor-OculusEditor.dll (API version 3709383).
LogModuleManager: Display: Found up-to-date module file ../../../Engine/Plugins/Runtime/PhysXVehicles/Binaries/Win64/UE4Editor-PhysXVehicles.dll (API version 3709383).
LogModuleManager: Display: Found up-to-date module file ../../../Engine/Plugins/Runtime/PhysXVehicles/Binaries/Win64/UE4Editor-PhysXVehiclesEditor.dll (API version 3709383).
LogModuleManager: Display: Found up-to-date module file ../../../Engine/Plugins/Runtime/ProceduralMeshComponent/Binaries/Win64/UE4Editor-ProceduralMeshComponent.dll (API version 3709383).
LogModuleManager: Display: Found up-to-date module file ../../../Engine/Plugins/Runtime/ProceduralMeshComponent/Binaries/Win64/UE4Editor-ProceduralMeshComponentEditor.dll (API version 3709383).
LogModuleManager: Display: Found up-to-date module file ../../../Engine/Plugins/Runtime/RuntimePhysXCooking/Binaries/Win64/UE4Editor-RuntimePhysXCooking.dll (API version 3709383).
LogModuleManager: Display: Found up-to-date module file ../../../Engine/Plugins/Runtime/Steam/SteamVR/Binaries/Win64/UE4Editor-SteamVR.dll (API version 3709383).
LogModuleManager: Display: Found up-to-date module file ../../../Engine/Plugins/Runtime/Steam/SteamVR/Binaries/Win64/UE4Editor-SteamVRController.dll (API version 3709383).
LogModuleManager: Display: Found up-to-date module file ../../../Engine/Plugins/Runtime/WindowsMoviePlayer/Binaries/Win64/UE4Editor-WindowsMoviePlayer.dll (API version 3709383).
LogPluginManager: Mounting plugin Paper2D
LogPluginManager: Mounting plugin LightPropagationVolume
LogPluginManager: Mounting plugin CodeLiteSourceCodeAccess
LogPluginManager: Mounting plugin GitSourceControl
LogPluginManager: Mounting plugin KDevelopSourceCodeAccess
LogPluginManager: Mounting plugin NullSourceCodeAccess
LogPluginManager: Mounting plugin PerforceSourceControl
LogPluginManager: Mounting plugin SubversionSourceControl
LogPluginManager: Mounting plugin UObjectPlugin
LogPluginManager: Mounting plugin VisualStudioCodeSourceCodeAccess
LogPluginManager: Mounting plugin VisualStudioSourceCodeAccess
LogPluginManager: Mounting plugin XCodeSourceCodeAccess
LogPluginManager: Mounting plugin AssetManagerEditor
LogPluginManager: Mounting plugin AudioCapture
LogPluginManager: Mounting plugin FacialAnimation
LogPluginManager: Mounting plugin GameplayTagsEditor
LogPluginManager: Mounting plugin MobileLauncherProfileWizard
LogPluginManager: Mounting plugin PluginBrowser
LogPluginManager: Mounting plugin SpeedTreeImporter
LogPluginManager: Mounting plugin AlembicImporter
LogPluginManager: Mounting plugin CharacterAI
LogPluginManager: Mounting plugin HTML5Networking
LogPluginManager: Mounting plugin AndroidMedia
LogPluginManager: Mounting plugin AvfMedia
LogPluginManager: Mounting plugin ImgMedia
LogPluginManager: Mounting plugin MediaCompositing
LogPluginManager: Mounting plugin MediaPlayerEditor
LogPluginManager: Mounting plugin WmfMedia
LogPluginManager: Mounting plugin TcpMessaging
LogPluginManager: Mounting plugin UdpMessaging
LogPluginManager: Mounting plugin ActorSequence
LogPluginManager: Mounting plugin LevelSequenceEditor
LogPluginManager: Mounting plugin MatineeToLevelSequence
LogPluginManager: Mounting plugin OnlineSubsystemGooglePlay
LogPluginManager: Mounting plugin OnlineSubsystemIOS
LogPluginManager: Mounting plugin OnlineSubsystem
LogPluginManager: Mounting plugin OnlineSubsystemNull
LogPluginManager: Mounting plugin OnlineSubsystemUtils
LogPluginManager: Mounting plugin AndroidDeviceProfileSelector
LogPluginManager: Mounting plugin AndroidMoviePlayer
LogPluginManager: Mounting plugin AndroidPermission
LogPluginManager: Mounting plugin AppleARKit
LogPluginManager: Mounting plugin AppleMoviePlayer
LogPluginManager: Mounting plugin ArchVisCharacter
LogPluginManager: Mounting plugin CableComponent
LogPluginManager: Mounting plugin CustomMeshComponent
LogPluginManager: Mounting plugin ExampleDeviceProfileSelector
LogPluginManager: Mounting plugin GoogleCloudMessaging
LogPluginManager: Mounting plugin ImmediatePhysics
LogPluginManager: Mounting plugin IOSDeviceProfileSelector
LogPluginManager: Mounting plugin LinuxDeviceProfileSelector
LogPluginManager: Mounting plugin LocationServicesBPLibrary
LogPluginManager: Mounting plugin MobilePatchingUtils
LogPluginManager: Mounting plugin OculusVR
LogPluginManager: Plugin shader directory ../../../Engine/Plugins/Runtime/Oculus/OculusVR/Shaders found
LogPluginManager: Mapping shader source directory ../../../Engine/Plugins/Runtime/Oculus/OculusVR/Shaders to virtual directory /Plugin/OculusVR
LogPluginManager: Mounting plugin PhysXVehicles
LogPluginManager: Mounting plugin ProceduralMeshComponent
LogPluginManager: Mounting plugin RuntimePhysXCooking
LogPluginManager: Mounting plugin SteamVR
LogPluginManager: Mounting plugin WindowsMoviePlayer
LogInit: Using libcurl 7.47.1
LogInit:  - built for x86_64-pc-win32
LogInit:  - supports SSL with OpenSSL/1.0.2g
LogInit:  - supports HTTP deflate (compression) using libz 1.2.8
LogInit:  - other features:
LogInit:      CURL_VERSION_SSL
LogInit:      CURL_VERSION_LIBZ
LogInit:      CURL_VERSION_IPV6
LogInit:      CURL_VERSION_ASYNCHDNS
LogInit:      CURL_VERSION_LARGEFILE
LogInit:      CURL_VERSION_IDN
LogInit:  CurlRequestOptions (configurable via config and command line):
LogInit:  - bVerifyPeer = false  - Libcurl will NOT verify peer certificate
LogInit:  - bUseHttpProxy = false  - Libcurl will NOT use HTTP proxy
LogInit:  - bDontReuseConnections = false  - Libcurl will reuse connections
LogInit:  - CertBundlePath = nullptr  - Libcurl will use whatever was configured at build time.
LogInit: Build: ++UE4+Release-4.18-CL-3832480
LogInit: Engine Version: 4.18.3-3832480+++UE4+Release-4.18
LogInit: Compatible Engine Version: 4.18.0-3709383+++UE4+Release-4.18
LogInit: Net CL: 3709383
LogDevObjectVersion: Number of dev versions registered: 16
LogDevObjectVersion:   Dev-Blueprints (B0D832E4-1F89-4F0D-ACCF-7EB736FD4AA2): 10
LogDevObjectVersion:   Dev-Build (E1C64328-A22C-4D53-A36C-8E866417BD8C): 0
LogDevObjectVersion:   Dev-Core (375EC13C-06E4-48FB-B500-84F0262A717E): 2
LogDevObjectVersion:   Dev-Editor (E4B068ED-F494-42E9-A231-DA0B2E46BB41): 20
LogDevObjectVersion:   Dev-Framework (CFFC743F-43B0-4480-9391-14DF171D2073): 30
LogDevObjectVersion:   Dev-Mobile (B02B49B5-BB20-44E9-A304-32B752E40360): 0
LogDevObjectVersion:   Dev-Networking (A4E4105C-59A1-49B5-A7C5-40C4547EDFEE): 0
LogDevObjectVersion:   Dev-Online (39C831C9-5AE6-47DC-9A44-9C173E1C8E7C): 0
LogDevObjectVersion:   Dev-Physics (78F01B33-EBEA-4F98-B9B4-84EACCB95AA2): 0
LogDevObjectVersion:   Dev-Platform (6631380F-2D4D-43E0-8009-CF276956A95A): 0
LogDevObjectVersion:   Dev-Rendering (12F88B9F-8875-4AFC-A67C-D90C383ABD29): 20
LogDevObjectVersion:   Dev-Sequencer (7B5AE74C-D270-4C10-A958-57980B212A5A): 4
LogDevObjectVersion:   Dev-VR (D7296918-1DD6-4BDD-9DE2-64A83CC13884): 0
LogDevObjectVersion:   Dev-LoadTimes (C2A15278-BFE7-4AFE-6C17-90FF531DF755): 1
LogDevObjectVersion:   Private-Geometry (6EACA3D4-40EC-4CC1-B786-8BED09428FC5): 1
LogDevObjectVersion:   Dev-AnimPhys (29E575DD-E0A3-4627-9D10-D276232CDCEA): 12
LogInit: Compiled (64-bit): Jan 12 2018 02:04:55
LogInit: Compiled with Visual C++: 19.00.24215.01
LogInit: Build Configuration: Development
LogInit: Branch Name: ++UE4+Release-4.18
LogInit: Command line: -EpicPortal 
LogInit: Base directory: C:/Program Files/Epic Games/UE_4.18/Engine/Binaries/Win64/
LogInit: Installed Engine Build: 1
LogInit: Presizing for max 8388607 objects, including 0 objects not considered by GC, pre-allocating 0 bytes for permanent pool.
LogInit: Object subsystem initialized
[2018.05.30-08.28.53:533][  0]LogInit: Selected Device Profile: [Windows]
[2018.05.30-08.28.53:533][  0]LogInit: Applying CVar settings loaded from the selected device profile: [Windows]
[2018.05.30-08.28.53:561][  0]LogInit: Computer: K104-0060
[2018.05.30-08.28.53:561][  0]LogInit: User: qroze
[2018.05.30-08.28.53:561][  0]LogInit: CPU Page size=4096, Cores=4
[2018.05.30-08.28.53:561][  0]LogInit: High frequency timer resolution =3.903994 MHz
[2018.05.30-08.28.53:561][  0]LogMemory: Memory total: Physical=15.9GB (16GB approx)
[2018.05.30-08.28.53:561][  0]LogMemory: Platform Memory Stats for Windows
[2018.05.30-08.28.53:561][  0]LogMemory: Process Physical Memory: 275.95 MB used, 275.95 MB peak
[2018.05.30-08.28.53:561][  0]LogMemory: Process Virtual Memory: 269.97 MB used, 269.97 MB peak
[2018.05.30-08.28.53:561][  0]LogMemory: Physical Memory: 5166.20 MB used,  11160.73 MB free, 16326.93 MB total
[2018.05.30-08.28.53:561][  0]LogMemory: Virtual Memory: 682.88 MB used,  11160.73 MB free, 134217728.00 MB total
[2018.05.30-08.28.53:694][  0]LogInit: Using OS detected language (fr-FR).
[2018.05.30-08.28.53:694][  0]LogInit: Using OS detected locale (fr-FR).
[2018.05.30-08.28.53:697][  0]LogTextLocalizationManager: No localization for 'fr-FR' exists, so 'en' will be used for the language.
[2018.05.30-08.28.53:697][  0]LogTextLocalizationManager: No localization for 'fr-FR' exists, so 'en' will be used for the locale.
[2018.05.30-08.28.54:048][  0]LogInit: Setting process to per monitor DPI aware
[2018.05.30-08.28.54:278][  0]LogD3D11RHI: D3D11 adapters:
[2018.05.30-08.28.54:306][  0]LogD3D11RHI:    0. 'NVIDIA GeForce GTX 960' (Feature Level 11_0)
[2018.05.30-08.28.54:306][  0]LogD3D11RHI:       2016/0/8163 MB DedicatedVideo/DedicatedSystem/SharedSystem, Outputs:2, VendorId:0x10de
[2018.05.30-08.28.54:308][  0]LogD3D11RHI:    1. 'Microsoft Basic Render Driver' (Feature Level 11_0)
[2018.05.30-08.28.54:308][  0]LogD3D11RHI:       0/0/8163 MB DedicatedVideo/DedicatedSystem/SharedSystem, Outputs:0, VendorId:0x1414
[2018.05.30-08.28.54:308][  0]LogD3D11RHI: Chosen D3D11 Adapter: 0
[2018.05.30-08.28.54:312][  0]LogD3D11RHI: Creating new Direct3DDevice
[2018.05.30-08.28.54:313][  0]LogD3D11RHI:     GPU DeviceId: 0x1401 (for the marketing name, search the web for "GPU Device Id")
[2018.05.30-08.28.54:313][  0]LogWindows: EnumDisplayDevices:
[2018.05.30-08.28.54:313][  0]LogWindows:    0. 'NVIDIA GeForce GTX 960' (P:1 D:1)
[2018.05.30-08.28.54:313][  0]LogWindows:    1. 'NVIDIA GeForce GTX 960' (P:0 D:1)
[2018.05.30-08.28.54:313][  0]LogWindows:    2. 'NVIDIA GeForce GTX 960' (P:0 D:0)
[2018.05.30-08.28.54:313][  0]LogWindows:    3. 'NVIDIA GeForce GTX 960' (P:0 D:0)
[2018.05.30-08.28.54:313][  0]LogWindows: DebugString: GetVideoDriverDetailsInvalid PrimaryIsNotTheChoosenAdapter GetVideoDriverDetailsInvalid PrimaryIsNotTheChoosenAdapter GetVideoDriverDetailsInvalid PrimaryIsNotTheChoosenAdapter GetVideoDriverDetailsInvalid PrimaryIsNotTheChoosenAdapter FoundDriverCount:0 
[2018.05.30-08.28.54:313][  0]LogD3D11RHI:     Adapter Name: NVIDIA GeForce GTX 960
[2018.05.30-08.28.54:313][  0]LogD3D11RHI:   Driver Version: Unknown (internal:Unknown, unified:Unknown)
[2018.05.30-08.28.54:313][  0]LogD3D11RHI:      Driver Date: Unknown
[2018.05.30-08.28.54:313][  0]LogRHI: Texture pool is 1411 MB (70% of 2016 MB)
[2018.05.30-08.28.54:332][  0]LogD3D11RHI: Async texture creation enabled
[2018.05.30-08.28.54:344][  0]LogD3D11RHI: GPU Timing Frequency: 1000.000000 (Debug: 2 1)
[2018.05.30-08.28.54:346][  0]LogShaderCompilers: Guid format shader working directory is -48 characters bigger than the processId version (../../../../../../Users/q.roze/Desktop/BOULOT/PROJETS PERSOS/LEVEL DESIGN/AC 5/AC5LD/ACProject/Intermediate/Shaders/WorkingDirectory/11408/).
[2018.05.30-08.28.54:346][  0]LogShaderCompilers: Cleaned the shader compiler working directory 'C:/Users/q.roze/AppData/Local/Temp/UnrealShaderWorkingDir/CF6E67AB45B173336F033998FB761BCD/'.
[2018.05.30-08.28.54:346][  0]LogShaderCompilers: Display: Using Local Shader Compiler.
[2018.05.30-08.28.55:204][  0]LogTemp: Display: Loaded TP AllDesktopTargetPlatform
[2018.05.30-08.28.55:263][  0]LogTemp: Display: Loaded TP MacClientTargetPlatform
[2018.05.30-08.28.55:324][  0]LogTemp: Display: Loaded TP MacNoEditorTargetPlatform
[2018.05.30-08.28.55:379][  0]LogTemp: Display: Loaded TP MacServerTargetPlatform
[2018.05.30-08.28.55:433][  0]LogTemp: Display: Loaded TP MacTargetPlatform
[2018.05.30-08.28.55:489][  0]LogTemp: Display: Loaded TP WindowsClientTargetPlatform
[2018.05.30-08.28.55:542][  0]LogTemp: Display: Loaded TP WindowsNoEditorTargetPlatform
[2018.05.30-08.28.55:596][  0]LogTemp: Display: Loaded TP WindowsServerTargetPlatform
[2018.05.30-08.28.55:645][  0]LogTemp: Display: Loaded TP WindowsTargetPlatform
[2018.05.30-08.28.55:700][  0]LogTemp: Display: Loaded TP Android_ASTCTargetPlatform
[2018.05.30-08.28.55:751][  0]LogTemp: Display: Loaded TP Android_ATCTargetPlatform
[2018.05.30-08.28.55:803][  0]LogTemp: Display: Loaded TP Android_DXTTargetPlatform
[2018.05.30-08.28.55:857][  0]LogTemp: Display: Loaded TP Android_ETC1TargetPlatform
[2018.05.30-08.28.55:910][  0]LogTemp: Display: Loaded TP Android_ETC2TargetPlatform
[2018.05.30-08.28.56:021][  0]LogTemp: Display: Loaded TP Android_MultiTargetPlatform
[2018.05.30-08.28.56:021][  0]LogTemp: Display: Loaded TP Android_PVRTCTargetPlatform
[2018.05.30-08.28.56:081][  0]LogTemp: Display: Loaded TP AndroidTargetPlatform
[2018.05.30-08.28.56:119][  0]LogTemp: Display: Loaded TP HTML5TargetPlatform
[2018.05.30-08.28.56:209][  0]LogTemp: Display: Loaded TP IOSTargetPlatform
[2018.05.30-08.28.56:240][  0]LogTemp: Display: Loaded TP TVOSTargetPlatform
[2018.05.30-08.28.56:288][  0]LogTemp: Display: Loaded TP LinuxClientTargetPlatform
[2018.05.30-08.28.56:335][  0]LogTemp: Display: Loaded TP LinuxNoEditorTargetPlatform
[2018.05.30-08.28.56:380][  0]LogTemp: Display: Loaded TP LinuxServerTargetPlatform
[2018.05.30-08.28.56:433][  0]LogTemp: Display: Loaded TP LinuxTargetPlatform
[2018.05.30-08.28.56:433][  0]LogTargetPlatformManager: Display: Building Assets For Windows
[2018.05.30-08.28.56:924][  0]LogDerivedDataCache: Display: Max Cache Size: 512 MB
[2018.05.30-08.28.56:990][  0]LogDerivedDataCache: Loaded boot cache 0.07s 78MB C:/Users/q.roze/AppData/Local/UnrealEngine/4.18/DerivedDataCache/Boot.ddc.
[2018.05.30-08.28.56:990][  0]LogDerivedDataCache: Display: Loaded Boot cache: C:/Users/q.roze/AppData/Local/UnrealEngine/4.18/DerivedDataCache/Boot.ddc
[2018.05.30-08.28.56:990][  0]LogDerivedDataCache: FDerivedDataBackendGraph:  Pak pak cache file ../../../../../../Users/q.roze/Desktop/BOULOT/PROJETS PERSOS/LEVEL DESIGN/AC 5/AC5LD/ACProject/DerivedDataCache/DDC.ddp not found, will not use a pak cache.
[2018.05.30-08.28.56:991][  0]LogDerivedDataCache: Unable to find inner node Pak for hierarchical cache Hierarchy.
[2018.05.30-08.28.56:991][  0]LogDerivedDataCache: FDerivedDataBackendGraph:  CompressedPak pak cache file ../../../../../../Users/q.roze/Desktop/BOULOT/PROJETS PERSOS/LEVEL DESIGN/AC 5/AC5LD/ACProject/DerivedDataCache/Compressed.ddp not found, will not use a pak cache.
[2018.05.30-08.28.56:991][  0]LogDerivedDataCache: Unable to find inner node CompressedPak for hierarchical cache Hierarchy.
[2018.05.30-08.28.57:005][  0]LogDerivedDataCache: Display: Pak cache opened for reading ../../../Engine/DerivedDataCache/Compressed.ddp.
[2018.05.30-08.28.57:017][  0]LogDerivedDataCache: Using Local data cache path C:/Users/q.roze/AppData/Local/UnrealEngine/Common/DerivedDataCache: Writable
[2018.05.30-08.28.57:028][  0]LogMaterial: Verifying Global Shaders for PCD3D_SM5
[2018.05.30-08.28.57:028][  0]LogSlate: Using Freetype 2.6.0
[2018.05.30-08.28.57:028][  0]LogSlate: SlateFontCache - WITH_FREETYPE: 1, WITH_HARFBUZZ: 1
[2018.05.30-08.28.57:028][  0]LogSlate: SlateFontCache - WITH_FREETYPE: 1, WITH_HARFBUZZ: 1
[2018.05.30-08.28.57:370][  0]LogInit: Selected Device Profile: [Windows]
[2018.05.30-08.28.57:727][  0]LogSimplygon: Simplygon DLL not present - disabling.
[2018.05.30-08.28.57:782][  0]LogMeshReduction: Using SimplygonSwarm for distributed automatic mesh merging
[2018.05.30-08.28.57:782][  0]LogMeshReduction: Using QuadricMeshReduction for automatic static mesh reduction
[2018.05.30-08.28.57:782][  0]LogMeshReduction: No automatic skeletal mesh reduction module available
[2018.05.30-08.28.57:782][  0]LogMeshReduction: No automatic mesh merging module available
[2018.05.30-08.28.57:782][  0]LogMeshMerging: No automatic mesh merging module available
[2018.05.30-08.28.57:815][  0]LogNetVersion: ACProject , NetCL: 3709383, EngineNetVer: 2, GameNetVer: 0 (Checksum: 598294695)
[2018.05.30-08.28.57:971][  0]LogAssetRegistry: FAssetRegistry took 0.0251 seconds to start up
[2018.05.30-08.28.58:418][  0]LogPackageLocalizationCache: Processed 7 localized package path(s) for 1 prioritized culture(s) in 0.035946 seconds
[2018.05.30-08.28.58:423][  0]LogUObjectArray: 35870 objects as part of root set at end of initial load.
[2018.05.30-08.28.58:423][  0]LogUObjectAllocator: 7363696 out of 0 bytes used by permanent object pool.
[2018.05.30-08.28.58:423][  0]LogUObjectArray: CloseDisregardForGC: 0/0 objects in disregard for GC pool
[2018.05.30-08.28.58:482][  0]LogInit: WinSock: version 1.1 (2.2), MaxSocks=32767, MaxUdp=65467
[2018.05.30-08.29.01:046][  0]LogTcpMessaging: Initializing TcpMessaging bridge
[2018.05.30-08.29.01:085][  0]LogUdpMessaging: Initializing bridge on interface 0.0.0.0:0 to multicast group 230.0.0.1:6666.
[2018.05.30-08.29.01:731][  0]LogMaterial: Uniform references updated for custom material expression Custom.
[2018.05.30-08.29.02:104][  0]SourceControl: Source control is disabled
[2018.05.30-08.29.02:104][  0]SourceControl: Source control is disabled
[2018.05.30-08.29.02:150][  0]SourceControl: Source control is disabled
[2018.05.30-08.29.02:195][  0]SourceControl: Source control is disabled
[2018.05.30-08.29.03:017][  0]LogAndroidPermission: UAndroidPermissionCallbackProxy::GetInstance
[2018.05.30-08.29.03:253][  0]LogOcInput: OculusInput pre-init called
[2018.05.30-08.29.03:554][  0]LogEngine: Initializing Engine...
[2018.05.30-08.29.03:557][  0]LogHMD: Failed to initialize OpenVR with code 110
[2018.05.30-08.29.03:737][  0]LogStats: UGameplayTagsManager::ConstructGameplayTagTree: Construct from data asset -  0.000 s
[2018.05.30-08.29.03:753][  0]LogStats: UGameplayTagsManager::ConstructGameplayTagTree: GameplayTagTreeChangedEvent.Broadcast -  0.000 s
[2018.05.30-08.29.03:955][  0]LogAIModule: Creating AISystem for world Untitled
[2018.05.30-08.29.03:964][  0]LogInit: XAudio2 using 'Casque (Périphérique High Definition Audio)' : 2 channels at 48 kHz using 16 bits per sample (channel mask 0x3)
[2018.05.30-08.29.03:974][  0]LogInit: FAudioDevice initialized.
[2018.05.30-08.29.04:162][  0]LogDerivedDataCache: Saved boot cache 0.19s 78MB C:/Users/q.roze/AppData/Local/UnrealEngine/4.18/DerivedDataCache/Boot.ddc.
[2018.05.30-08.29.04:193][  0]LogInit: Texture streaming: Enabled
[2018.05.30-08.29.04:313][  0]LogEngineSessionManager: EngineSessionManager initialized
[2018.05.30-08.29.04:445][  0]LogInit: Transaction tracking system initialized
[2018.05.30-08.29.04:729][  0]BlueprintLog: New page: Editor Load
[2018.05.30-08.29.05:537][  0]LocalizationService: Localization service is disabled
[2018.05.30-08.29.06:239][  0]LogConsoleResponse: Display: 
[2018.05.30-08.29.06:403][  0]LogCook: Display: Max memory allowance for cook 16384mb min free memory 0mb
[2018.05.30-08.29.06:403][  0]LogCook: Display: Mobile HDR setting 1
[2018.05.30-08.29.06:403][  0]LogGameplayTags: Display: UGameplayTagsManager::DoneAddingNativeTags. DelegateIsBound: 0
[2018.05.30-08.29.07:443][  0]LogFileCache: Scanning file cache for directory 'C:/Users/q.roze/Desktop/BOULOT/PROJETS PERSOS/LEVEL DESIGN/AC 5/AC5LD/ACProject/Content/' took 0.02s
[2018.05.30-08.29.07:488][  0]SourceControl: Source control is disabled
[2018.05.30-08.29.07:488][  0]LightingResults: New page: Lighting Build
[2018.05.30-08.29.07:530][  0]MapCheck: New page: Map Check
[2018.05.30-08.29.07:530][  0]LightingResults: New page: Lighting Build
[2018.05.30-08.29.10:158][  0]LogAIModule: Creating AISystem for world ThirdPersonExampleMap
[2018.05.30-08.29.10:176][  0]LogEditorServer: Finished looking for orphan Actors (0.000 secs)
[2018.05.30-08.29.10:189][  0]Cmd: MAP CHECKDEP NOCLEARLOG
[2018.05.30-08.29.10:236][  0]MapCheck: Map check complete: 0 Error(s), 0 Warning(s), took 46.995ms to complete.
[2018.05.30-08.29.10:236][  0]LogFileHelpers: Loading map 'ThirdPersonExampleMap' took 2.748
[2018.05.30-08.29.10:793][  0]LogCollectionManager: Loaded 0 collections in 0.001692 seconds
[2018.05.30-08.29.10:894][  0]LogFileCache: Scanning file cache for directory 'C:/Users/q.roze/Desktop/BOULOT/PROJETS PERSOS/LEVEL DESIGN/AC 5/AC5LD/ACProject/Saved/Collections/' took 0.01s
[2018.05.30-08.29.10:895][  0]LogFileCache: Scanning file cache for directory 'C:/Users/q.roze/Desktop/BOULOT/PROJETS PERSOS/LEVEL DESIGN/AC 5/AC5LD/ACProject/Content/Developers/qroze/Collections/' took 0.01s
[2018.05.30-08.29.10:895][  0]LogFileCache: Scanning file cache for directory 'C:/Users/q.roze/Desktop/BOULOT/PROJETS PERSOS/LEVEL DESIGN/AC 5/AC5LD/ACProject/Content/Collections/' took 0.01s
[2018.05.30-08.29.10:895][  0]LogCollectionManager: Rebuilt the GUID cache for 0 collections in 0.000000 seconds
[2018.05.30-08.29.10:902][  0]LogContentBrowser: Native class hierarchy populated in 0.0069 seconds. Added 2363 classes and 519 folders.
[2018.05.30-08.29.11:064][  0]LogContentBrowser: Native class hierarchy updated for 'WidgetCarousel' in 0.0004 seconds. Added 0 classes and 0 folders.
[2018.05.30-08.29.12:753][  0]LogContentBrowser: Native class hierarchy updated for 'AddContentDialog' in 0.0004 seconds. Added 0 classes and 0 folders.
[2018.05.30-08.29.12:965][  0]LogContentBrowser: Native class hierarchy updated for 'SceneOutliner' in 0.0003 seconds. Added 1 classes and 2 folders.
[2018.05.30-08.29.13:100][  0]LogContentBrowser: Native class hierarchy updated for 'WorldBrowser' in 0.0003 seconds. Added 2 classes and 3 folders.
[2018.05.30-08.29.13:225][  0]LogSlate: Took 0.000259 seconds to synchronously load lazily loaded font '../../../Engine/Content/Slate/Fonts/Roboto-Regular.ttf' (155K)
[2018.05.30-08.29.13:227][  0]LogSlate: Took 0.000223 seconds to synchronously load lazily loaded font '../../../Engine/Content/Slate/Fonts/Roboto-Bold.ttf' (160K)
[2018.05.30-08.29.13:253][  0]LogSlate: Took 0.020966 seconds to synchronously load lazily loaded font '../../../Engine/Content/Editor/Slate/Fonts/FontAwesome.ttf' (139K)
[2018.05.30-08.29.13:643][  0]LogRenderer: Reallocating scene render targets to support 1248x716 Format 10 NumSamples 1 (Frame:1).
[2018.05.30-08.29.13:820][  0]LogContentBrowser: Native class hierarchy updated for 'HierarchicalLODOutliner' in 0.0003 seconds. Added 1 classes and 2 folders.
[2018.05.30-08.29.13:820][  0]LogLoad: (Engine Initialization) Total time: 23.13 seconds
[2018.05.30-08.29.13:820][  0]LogLoad: (Engine Initialization) Total Blueprint compile time: 0.00 seconds
[2018.05.30-08.29.13:820][  0]LogExternalProfiler: No external profilers were discovered.  External profiling features will not be available.
[2018.05.30-08.29.14:188][  0]LogContentStreaming: Texture pool size now 1000 MB
[2018.05.30-08.29.14:386][  0]LogSlate: Took 0.069393 seconds to synchronously load lazily loaded font '../../../Engine/Content/Slate/Fonts/Roboto-Light.ttf' (159K)
[2018.05.30-08.29.14:509][  1]LogAssetRegistry: Asset discovery search completed in 16.5666 seconds
[2018.05.30-08.29.14:511][  1]LogCollectionManager: Rebuilt the object cache for 0 collections in 0.000000 seconds (found 0 objects)
[2018.05.30-08.29.14:511][  1]LogCollectionManager: Fixed up redirectors for 0 collections in 0.000100 seconds (updated 0 objects)
[2018.05.30-08.39.49:780][173]LogActorFactory: Actor Factory created Cube
[2018.05.30-08.39.50:996][313]LogActorFactory: Actor Factory created Cube
[2018.05.30-08.41.12:790][840]LogSlate: Took 0.000199 seconds to synchronously load lazily loaded font '../../../Engine/Content/Slate/Fonts/Roboto-Light.ttf' (159K)
[2018.05.30-08.41.19:041][559]LogSlate: Took 0.000148 seconds to synchronously load lazily loaded font '../../../Engine/Content/Slate/Fonts/Roboto-Light.ttf' (159K)
[2018.05.30-08.41.19:306][559]LogSavePackage: Save=195.98ms
[2018.05.30-08.41.19:306][559]LogSavePackage: Moving '../../../../../../Users/q.roze/Desktop/BOULOT/PROJETS PERSOS/LEVEL DESIGN/AC 5/AC5LD/ACProject/Saved/ThirdPersonExampleMap_Auto138B6933B40D283995FBE12A676969EFC.tmp' to '../../../../../../Users/q.roze/Desktop/BOULOT/PROJETS PERSOS/LEVEL DESIGN/AC 5/AC5LD/ACProject/Saved/Autosaves/Game/ThirdPersonBP/Maps/ThirdPersonExampleMap_Auto1.umap'
[2018.05.30-08.41.19:308][559]LogSavePackage: Display: Finished SavePackage ../../../../../../Users/q.roze/Desktop/BOULOT/PROJETS PERSOS/LEVEL DESIGN/AC 5/AC5LD/ACProject/Saved/Autosaves/Game/ThirdPersonBP/Maps/ThirdPersonExampleMap_Auto1.umap
[2018.05.30-08.41.19:310][559]LogFileHelpers: Editor autosave (incl. sublevels) for '/Game/ThirdPersonBP/Maps/ThirdPersonExampleMap' took 0.227
[2018.05.30-08.41.19:310][559]LogFileHelpers: Editor autosave (incl. sublevels) for all levels took 0.227
[2018.05.30-08.44.37:062][472]Cmd: BRUSH ADD SELECTNEWBRUSH
[2018.05.30-08.45.12:290][495]LogGeometryMode: Warning: Unable to find BoxBrush10 Brush(s) in new BSP
[2018.05.30-08.45.12:291][495]LogGeometryMode: Warning: Unable to find all previously selected geometry data, resetting selection
[2018.05.30-08.45.14:196][709]LogEditorViewport: Clicking on Actor (LMB): StaticMeshActor (Cylinder10)
[2018.05.30-08.45.15:195][821]Cmd: DELETE
[2018.05.30-08.45.15:195][821]Cmd: ACTOR DELETE
[2018.05.30-08.45.15:218][821]LogEditorActor: Deleted Actor: StaticMeshActor
[2018.05.30-08.45.15:226][821]LogEditorActor: Deleted 1 Actors (0.031 secs)
[2018.05.30-08.45.17:080][ 35]LogEditorViewport: Clicking on Actor (LMB): StaticMeshActor (Cylinder9)
[2018.05.30-08.45.28:478][323]LogEditorViewport: Clicking on Actor (LMB): StaticMeshActor (Cylinder9)
[2018.05.30-08.45.29:717][464]Cmd: DELETE
[2018.05.30-08.45.29:717][464]Cmd: ACTOR DELETE
[2018.05.30-08.45.29:722][464]LogEditorActor: Deleted Actor: StaticMeshActor
[2018.05.30-08.45.29:730][464]LogEditorActor: Deleted 1 Actors (0.013 secs)
[2018.05.30-08.45.29:994][494]LogEditorViewport: Clicking on Actor (LMB): StaticMeshActor (Cylinder8)
[2018.05.30-08.45.30:099][500]Cmd: DELETE
[2018.05.30-08.45.30:099][500]Cmd: ACTOR DELETE
[2018.05.30-08.45.30:104][500]LogEditorActor: Deleted Actor: StaticMeshActor
[2018.05.30-08.45.30:112][500]LogEditorActor: Deleted 1 Actors (0.013 secs)
[2018.05.30-08.45.35:924][166]Cmd: DELETE
[2018.05.30-08.45.35:946][166]Cmd: ACTOR DELETE
[2018.05.30-08.45.35:952][166]LogEditorActor: Deleted Actor: Brush
[2018.05.30-08.45.36:025][166]LogEditorActor: Deleted 1 Actors (0.078 secs)
[2018.05.30-08.45.50:696][895]LogEditorViewport: Clicking on Actor (LMB): StaticMeshActor (Floor)
[2018.05.30-08.45.51:605][999]LogEditorViewport: Clicking on Actor (LMB): Brush (Cylinder Brush)
[2018.05.30-08.46.10:897][300]LogEditorViewport: Clicking on Actor (LMB): Brush (Cylinder Brush2)
[2018.05.30-08.46.19:765][340]LogEditorViewport: Clicking on Actor (LMB): Brush (Cylinder Brush)
[2018.05.30-08.46.23:797][806]LogEditorViewport: Clicking on Actor (LMB): StaticMeshActor (Floor)
[2018.05.30-08.46.41:416][746]LogDialogs: Warning: Suppressed: Extrude only works with Local Coordinates System
[2018.05.30-08.46.52:828][971]LogGeometryMode: Warning: Unable to find BoxBrush_11 Brush(s) in new BSP
[2018.05.30-08.46.52:828][971]LogGeometryMode: Warning: Unable to find all previously selected geometry data, resetting selection
[2018.05.30-08.47.01:956][ 30]LogEditorViewport: Clicking on Actor (LMB): StaticMeshActor (Floor)
[2018.05.30-08.47.22:707][357]LogGeometryMode: Warning: Unable to find BoxBrush4 Brush(s) in new BSP
[2018.05.30-08.47.22:707][357]LogGeometryMode: Warning: Unable to find all previously selected geometry data, resetting selection
[2018.05.30-08.47.32:937][548]LogEditorViewport: Clicking on Actor (LMB): StaticMeshActor (Floor)
[2018.05.30-08.47.54:342][930]LogEditorViewport: Clicking on Actor (LMB): StaticMeshActor (Floor)
[2018.05.30-08.47.59:321][459]Cmd: TRANSACTION UNDO
[2018.05.30-08.47.59:321][459]LogEditorTransaction: Undo Select Brush Surface
[2018.05.30-08.48.00:174][530]Cmd: TRANSACTION UNDO
[2018.05.30-08.48.00:174][530]LogEditorTransaction: Undo Select Brush Surface
[2018.05.30-08.48.00:587][571]Cmd: TRANSACTION UNDO
[2018.05.30-08.48.00:587][571]LogEditorTransaction: Undo Scale Actors
[2018.05.30-08.48.00:593][571]LogActorComponent: ~FComponentReregisterContext: (/Game/ThirdPersonBP/Maps/ThirdPersonExampleMap.ThirdPersonExampleMap:PersistentLevel.BoxBrush11.BrushComponent0) Component already registered.
[2018.05.30-08.48.00:599][571]LogActorComponent: ~FComponentReregisterContext: (/Game/ThirdPersonBP/Maps/ThirdPersonExampleMap.ThirdPersonExampleMap:PersistentLevel.BoxBrush26.BrushComponent0) Component already registered.
[2018.05.30-08.48.10:650][653]LogDialogs: Warning: Suppressed: Extrude only works with Local Coordinates System
[2018.05.30-08.48.58:293][110]Cmd: DELETE
[2018.05.30-08.48.58:293][110]Cmd: ACTOR DELETE
[2018.05.30-08.48.58:300][110]LogEditorActor: Deleted Actor: Brush
[2018.05.30-08.48.58:334][110]LogEditorActor: Deleted 1 Actors (0.042 secs)
[2018.05.30-08.49.07:034][107]LogTemp: Repeating last play command: Selected Viewport
[2018.05.30-08.49.07:131][107]LogBlueprintUserMessages: Early PlayInEditor Detection: Level '/Game/ThirdPersonBP/Maps/ThirdPersonExampleMap.ThirdPersonExampleMap:PersistentLevel' has LevelScriptBlueprint '/Game/ThirdPersonBP/Maps/ThirdPersonExampleMap.ThirdPersonExampleMap:PersistentLevel.ThirdPersonExampleMap' with GeneratedClass '/Game/ThirdPersonBP/Maps/ThirdPersonExampleMap.ThirdPersonExampleMap_C' with ClassGeneratedBy '/Game/ThirdPersonBP/Maps/ThirdPersonExampleMap.ThirdPersonExampleMap:PersistentLevel.ThirdPersonExampleMap'
[2018.05.30-08.49.07:132][107]LogPlayLevel: PlayLevel: No blueprints needed recompiling
[2018.05.30-08.49.07:133][107]PIE: New page: PIE session: ThirdPersonExampleMap (May 30, 2018, 12:49:07 PM)
[2018.05.30-08.49.07:133][107]LogPlayLevel: Creating play world package: /Game/ThirdPersonBP/Maps/UEDPIE_0_ThirdPersonExampleMap
[2018.05.30-08.49.07:166][107]LogPlayLevel: PIE: StaticDuplicateObject took: (0.033227s)
[2018.05.30-08.49.07:167][107]LogAIModule: Creating AISystem for world ThirdPersonExampleMap
[2018.05.30-08.49.07:167][107]LogPlayLevel: PIE: World Init took: (0.000989s)
[2018.05.30-08.49.07:168][107]LogPlayLevel: PIE: Created PIE world by copying editor world from /Game/ThirdPersonBP/Maps/ThirdPersonExampleMap.ThirdPersonExampleMap to /Game/ThirdPersonBP/Maps/UEDPIE_0_ThirdPersonExampleMap.ThirdPersonExampleMap (0.034722s)
[2018.05.30-08.49.07:185][107]LogInit: XAudio2 using 'Casque (Périphérique High Definition Audio)' : 2 channels at 48 kHz using 16 bits per sample (channel mask 0x3)
[2018.05.30-08.49.07:191][107]LogInit: FAudioDevice initialized.
[2018.05.30-08.49.07:285][107]LogLoad: Game class is 'ThirdPersonGameMode_C'
[2018.05.30-08.49.07:298][107]LogWorld: Bringing World /Game/ThirdPersonBP/Maps/UEDPIE_0_ThirdPersonExampleMap.ThirdPersonExampleMap up for play (max tick rate 0) at 2018.05.30-10.49.07
[2018.05.30-08.49.07:299][107]LogWorld: Bringing up level for play took: 0.008909
[2018.05.30-08.49.07:354][107]LogContentBrowser: Native class hierarchy updated for 'MovieSceneCapture' in 0.0003 seconds. Added 11 classes and 0 folders.
[2018.05.30-08.49.07:354][107]PIE: Play in editor start time for /Game/ThirdPersonBP/Maps/UEDPIE_0_ThirdPersonExampleMap 0.159
[2018.05.30-08.49.07:355][107]LogBlueprintUserMessages: Late PlayInEditor Detection: Level '/Game/ThirdPersonBP/Maps/ThirdPersonExampleMap.ThirdPersonExampleMap:PersistentLevel' has LevelScriptBlueprint '/Game/ThirdPersonBP/Maps/ThirdPersonExampleMap.ThirdPersonExampleMap:PersistentLevel.ThirdPersonExampleMap' with GeneratedClass '/Game/ThirdPersonBP/Maps/ThirdPersonExampleMap.ThirdPersonExampleMap_C' with ClassGeneratedBy '/Game/ThirdPersonBP/Maps/ThirdPersonExampleMap.ThirdPersonExampleMap:PersistentLevel.ThirdPersonExampleMap'
[2018.05.30-08.49.24:132][ 64]LogBlueprintUserMessages: Early EndPlayMap Detection: Level '/Game/ThirdPersonBP/Maps/ThirdPersonExampleMap.ThirdPersonExampleMap:PersistentLevel' has LevelScriptBlueprint '/Game/ThirdPersonBP/Maps/ThirdPersonExampleMap.ThirdPersonExampleMap:PersistentLevel.ThirdPersonExampleMap' with GeneratedClass '/Game/ThirdPersonBP/Maps/ThirdPersonExampleMap.ThirdPersonExampleMap_C' with ClassGeneratedBy '/Game/ThirdPersonBP/Maps/ThirdPersonExampleMap.ThirdPersonExampleMap:PersistentLevel.ThirdPersonExampleMap'
[2018.05.30-08.49.24:167][ 64]LogBlueprintUserMessages: Late EndPlayMap Detection: Level '/Game/ThirdPersonBP/Maps/ThirdPersonExampleMap.ThirdPersonExampleMap:PersistentLevel' has LevelScriptBlueprint '/Game/ThirdPersonBP/Maps/ThirdPersonExampleMap.ThirdPersonExampleMap:PersistentLevel.ThirdPersonExampleMap' with GeneratedClass '/Game/ThirdPersonBP/Maps/ThirdPersonExampleMap.ThirdPersonExampleMap_C' with ClassGeneratedBy '/Game/ThirdPersonBP/Maps/ThirdPersonExampleMap.ThirdPersonExampleMap:PersistentLevel.ThirdPersonExampleMap'
[2018.05.30-08.49.38:441][730]LogTemp: Repeating last play command: Selected Viewport
[2018.05.30-08.49.38:455][730]LogBlueprintUserMessages: Early PlayInEditor Detection: Level '/Game/ThirdPersonBP/Maps/ThirdPersonExampleMap.ThirdPersonExampleMap:PersistentLevel' has LevelScriptBlueprint '/Game/ThirdPersonBP/Maps/ThirdPersonExampleMap.ThirdPersonExampleMap:PersistentLevel.ThirdPersonExampleMap' with GeneratedClass '/Game/ThirdPersonBP/Maps/ThirdPersonExampleMap.ThirdPersonExampleMap_C' with ClassGeneratedBy '/Game/ThirdPersonBP/Maps/ThirdPersonExampleMap.ThirdPersonExampleMap:PersistentLevel.ThirdPersonExampleMap'
[2018.05.30-08.49.38:456][730]LogPlayLevel: PlayLevel: No blueprints needed recompiling
[2018.05.30-08.49.38:456][730]PIE: New page: PIE session: ThirdPersonExampleMap (May 30, 2018, 12:49:38 PM)
[2018.05.30-08.49.38:456][730]LogPlayLevel: Creating play world package: /Game/ThirdPersonBP/Maps/UEDPIE_0_ThirdPersonExampleMap
[2018.05.30-08.49.38:482][730]LogPlayLevel: PIE: StaticDuplicateObject took: (0.025657s)
[2018.05.30-08.49.38:482][730]LogAIModule: Creating AISystem for world ThirdPersonExampleMap
[2018.05.30-08.49.38:482][730]LogPlayLevel: PIE: World Init took: (0.000785s)
[2018.05.30-08.49.38:483][730]LogPlayLevel: PIE: Created PIE world by copying editor world from /Game/ThirdPersonBP/Maps/ThirdPersonExampleMap.ThirdPersonExampleMap to /Game/ThirdPersonBP/Maps/UEDPIE_0_ThirdPersonExampleMap.ThirdPersonExampleMap (0.026844s)
[2018.05.30-08.49.38:500][730]LogInit: XAudio2 using 'Casque (Périphérique High Definition Audio)' : 2 channels at 48 kHz using 16 bits per sample (channel mask 0x3)
[2018.05.30-08.49.38:506][730]LogInit: FAudioDevice initialized.
[2018.05.30-08.49.38:542][730]LogLoad: Game class is 'ThirdPersonGameMode_C'
[2018.05.30-08.49.38:551][730]LogWorld: Bringing World /Game/ThirdPersonBP/Maps/UEDPIE_0_ThirdPersonExampleMap.ThirdPersonExampleMap up for play (max tick rate 0) at 2018.05.30-10.49.38
[2018.05.30-08.49.38:552][730]LogWorld: Bringing up level for play took: 0.008139
[2018.05.30-08.49.38:555][730]PIE: Play in editor start time for /Game/ThirdPersonBP/Maps/UEDPIE_0_ThirdPersonExampleMap -0.639
[2018.05.30-08.49.38:556][730]LogBlueprintUserMessages: Late PlayInEditor Detection: Level '/Game/ThirdPersonBP/Maps/ThirdPersonExampleMap.ThirdPersonExampleMap:PersistentLevel' has LevelScriptBlueprint '/Game/ThirdPersonBP/Maps/ThirdPersonExampleMap.ThirdPersonExampleMap:PersistentLevel.ThirdPersonExampleMap' with GeneratedClass '/Game/ThirdPersonBP/Maps/ThirdPersonExampleMap.ThirdPersonExampleMap_C' with ClassGeneratedBy '/Game/ThirdPersonBP/Maps/ThirdPersonExampleMap.ThirdPersonExampleMap:PersistentLevel.ThirdPersonExampleMap'
[2018.05.30-08.50.09:844][ 75]LogBlueprintUserMessages: Early EndPlayMap Detection: Level '/Game/ThirdPersonBP/Maps/ThirdPersonExampleMap.ThirdPersonExampleMap:PersistentLevel' has LevelScriptBlueprint '/Game/ThirdPersonBP/Maps/ThirdPersonExampleMap.ThirdPersonExampleMap:PersistentLevel.ThirdPersonExampleMap' with GeneratedClass '/Game/ThirdPersonBP/Maps/ThirdPersonExampleMap.ThirdPersonExampleMap_C' with ClassGeneratedBy '/Game/ThirdPersonBP/Maps/ThirdPersonExampleMap.ThirdPersonExampleMap:PersistentLevel.ThirdPersonExampleMap'
[2018.05.30-08.50.09:888][ 75]LogBlueprintUserMessages: Late EndPlayMap Detection: Level '/Game/ThirdPersonBP/Maps/ThirdPersonExampleMap.ThirdPersonExampleMap:PersistentLevel' has LevelScriptBlueprint '/Game/ThirdPersonBP/Maps/ThirdPersonExampleMap.ThirdPersonExampleMap:PersistentLevel.ThirdPersonExampleMap' with GeneratedClass '/Game/ThirdPersonBP/Maps/ThirdPersonExampleMap.ThirdPersonExampleMap_C' with ClassGeneratedBy '/Game/ThirdPersonBP/Maps/ThirdPersonExampleMap.ThirdPersonExampleMap:PersistentLevel.ThirdPersonExampleMap'
[2018.05.30-08.51.25:512][617]LogTemp: Repeating last play command: Selected Viewport
[2018.05.30-08.51.25:528][617]LogBlueprintUserMessages: Early PlayInEditor Detection: Level '/Game/ThirdPersonBP/Maps/ThirdPersonExampleMap.ThirdPersonExampleMap:PersistentLevel' has LevelScriptBlueprint '/Game/ThirdPersonBP/Maps/ThirdPersonExampleMap.ThirdPersonExampleMap:PersistentLevel.ThirdPersonExampleMap' with GeneratedClass '/Game/ThirdPersonBP/Maps/ThirdPersonExampleMap.ThirdPersonExampleMap_C' with ClassGeneratedBy '/Game/ThirdPersonBP/Maps/ThirdPersonExampleMap.ThirdPersonExampleMap:PersistentLevel.ThirdPersonExampleMap'
[2018.05.30-08.51.25:528][617]LogPlayLevel: PlayLevel: No blueprints needed recompiling
[2018.05.30-08.51.25:528][617]PIE: New page: PIE session: ThirdPersonExampleMap (May 30, 2018, 12:51:25 PM)
[2018.05.30-08.51.25:529][617]LogPlayLevel: Creating play world package: /Game/ThirdPersonBP/Maps/UEDPIE_0_ThirdPersonExampleMap
[2018.05.30-08.51.25:553][617]LogPlayLevel: PIE: StaticDuplicateObject took: (0.024981s)
[2018.05.30-08.51.25:554][617]LogAIModule: Creating AISystem for world ThirdPersonExampleMap
[2018.05.30-08.51.25:555][617]LogPlayLevel: PIE: World Init took: (0.001068s)
[2018.05.30-08.51.25:555][617]LogPlayLevel: PIE: Created PIE world by copying editor world from /Game/ThirdPersonBP/Maps/ThirdPersonExampleMap.ThirdPersonExampleMap to /Game/ThirdPersonBP/Maps/UEDPIE_0_ThirdPersonExampleMap.ThirdPersonExampleMap (0.026419s)
[2018.05.30-08.51.25:603][617]LogInit: XAudio2 using 'Casque (Périphérique High Definition Audio)' : 2 channels at 48 kHz using 16 bits per sample (channel mask 0x3)
[2018.05.30-08.51.25:609][617]LogInit: FAudioDevice initialized.
[2018.05.30-08.51.25:641][617]LogLoad: Game class is 'ThirdPersonGameMode_C'
[2018.05.30-08.51.25:646][617]LogWorld: Bringing World /Game/ThirdPersonBP/Maps/UEDPIE_0_ThirdPersonExampleMap.ThirdPersonExampleMap up for play (max tick rate 0) at 2018.05.30-10.51.25
[2018.05.30-08.51.25:647][617]LogWorld: Bringing up level for play took: 0.004571
[2018.05.30-08.51.25:648][617]PIE: Play in editor start time for /Game/ThirdPersonBP/Maps/UEDPIE_0_ThirdPersonExampleMap 0.459
[2018.05.30-08.51.25:649][617]LogBlueprintUserMessages: Late PlayInEditor Detection: Level '/Game/ThirdPersonBP/Maps/ThirdPersonExampleMap.ThirdPersonExampleMap:PersistentLevel' has LevelScriptBlueprint '/Game/ThirdPersonBP/Maps/ThirdPersonExampleMap.ThirdPersonExampleMap:PersistentLevel.ThirdPersonExampleMap' with GeneratedClass '/Game/ThirdPersonBP/Maps/ThirdPersonExampleMap.ThirdPersonExampleMap_C' with ClassGeneratedBy '/Game/ThirdPersonBP/Maps/ThirdPersonExampleMap.ThirdPersonExampleMap:PersistentLevel.ThirdPersonExampleMap'
[2018.05.30-08.52.52:060][771]LogBlueprintUserMessages: Early EndPlayMap Detection: Level '/Game/ThirdPersonBP/Maps/ThirdPersonExampleMap.ThirdPersonExampleMap:PersistentLevel' has LevelScriptBlueprint '/Game/ThirdPersonBP/Maps/ThirdPersonExampleMap.ThirdPersonExampleMap:PersistentLevel.ThirdPersonExampleMap' with GeneratedClass '/Game/ThirdPersonBP/Maps/ThirdPersonExampleMap.ThirdPersonExampleMap_C' with ClassGeneratedBy '/Game/ThirdPersonBP/Maps/ThirdPersonExampleMap.ThirdPersonExampleMap:PersistentLevel.ThirdPersonExampleMap'
[2018.05.30-08.52.52:095][771]LogBlueprintUserMessages: Late EndPlayMap Detection: Level '/Game/ThirdPersonBP/Maps/ThirdPersonExampleMap.ThirdPersonExampleMap:PersistentLevel' has LevelScriptBlueprint '/Game/ThirdPersonBP/Maps/ThirdPersonExampleMap.ThirdPersonExampleMap:PersistentLevel.ThirdPersonExampleMap' with GeneratedClass '/Game/ThirdPersonBP/Maps/ThirdPersonExampleMap.ThirdPersonExampleMap_C' with ClassGeneratedBy '/Game/ThirdPersonBP/Maps/ThirdPersonExampleMap.ThirdPersonExampleMap:PersistentLevel.ThirdPersonExampleMap'
[2018.05.30-08.53.09:201][475]LogSavePackage: Save=274.21ms
[2018.05.30-08.53.09:202][475]LogSavePackage: Moving '../../../../../../Users/q.roze/Desktop/BOULOT/PROJETS PERSOS/LEVEL DESIGN/AC 5/AC5LD/ACProject/Saved/ThirdPersonExampleMap5CC4A4594350151339E366B040B45475.tmp' to '../../../../../../Users/q.roze/Desktop/BOULOT/PROJETS PERSOS/LEVEL DESIGN/AC 5/AC5LD/ACProject/Content/ThirdPersonBP/Maps/ThirdPersonExampleMap.umap'
[2018.05.30-08.53.09:207][475]LogSavePackage: Display: Finished SavePackage ../../../../../../Users/q.roze/Desktop/BOULOT/PROJETS PERSOS/LEVEL DESIGN/AC 5/AC5LD/ACProject/Content/ThirdPersonBP/Maps/ThirdPersonExampleMap.umap
[2018.05.30-08.53.09:540][475]LogSavePackage: Save=202.52ms
[2018.05.30-08.53.09:540][475]LogSavePackage: Moving '../../../../../../Users/q.roze/Desktop/BOULOT/PROJETS PERSOS/LEVEL DESIGN/AC 5/AC5LD/ACProject/Saved/ThirdPersonExampleMap_BuiltData91D5C1F04746139619F95EB25E686661.tmp' to '../../../../../../Users/q.roze/Desktop/BOULOT/PROJETS PERSOS/LEVEL DESIGN/AC 5/AC5LD/ACProject/Content/ThirdPersonBP/Maps/ThirdPersonExampleMap_BuiltData.uasset'
[2018.05.30-08.53.09:542][475]LogSavePackage: Display: Finished SavePackage ../../../../../../Users/q.roze/Desktop/BOULOT/PROJETS PERSOS/LEVEL DESIGN/AC 5/AC5LD/ACProject/Content/ThirdPersonBP/Maps/ThirdPersonExampleMap_BuiltData.uasset
[2018.05.30-08.56.52:755][741]LogSavePackage: Save=225.54ms
[2018.05.30-08.56.52:755][741]LogSavePackage: Moving '../../../../../../Users/q.roze/Desktop/BOULOT/PROJETS PERSOS/LEVEL DESIGN/AC 5/AC5LD/ACProject/Saved/ThirdPersonExampleMap80B3E7854E4CD69F50FBEE9A7B2D66F4.tmp' to '../../../../../../Users/q.roze/Desktop/BOULOT/PROJETS PERSOS/LEVEL DESIGN/AC 5/AC5LD/ACProject/Content/ThirdPersonBP/Maps/ThirdPersonExampleMap.umap'
[2018.05.30-08.56.52:760][741]LogSavePackage: Display: Finished SavePackage ../../../../../../Users/q.roze/Desktop/BOULOT/PROJETS PERSOS/LEVEL DESIGN/AC 5/AC5LD/ACProject/Content/ThirdPersonBP/Maps/ThirdPersonExampleMap.umap
[2018.05.30-08.56.52:909][741]LogSavePackage: Save=120.29ms
[2018.05.30-08.56.52:909][741]LogSavePackage: Moving '../../../../../../Users/q.roze/Desktop/BOULOT/PROJETS PERSOS/LEVEL DESIGN/AC 5/AC5LD/ACProject/Saved/ThirdPersonExampleMap_BuiltData497D350C4C4516EDE96F38BCB7EBCAB2.tmp' to '../../../../../../Users/q.roze/Desktop/BOULOT/PROJETS PERSOS/LEVEL DESIGN/AC 5/AC5LD/ACProject/Content/ThirdPersonBP/Maps/ThirdPersonExampleMap_BuiltData.uasset'
[2018.05.30-08.56.52:911][741]LogSavePackage: Display: Finished SavePackage ../../../../../../Users/q.roze/Desktop/BOULOT/PROJETS PERSOS/LEVEL DESIGN/AC 5/AC5LD/ACProject/Content/ThirdPersonBP/Maps/ThirdPersonExampleMap_BuiltData.uasset
[2018.05.30-08.56.57:308][177]Cmd: QUIT_EDITOR
[2018.05.30-08.56.57:761][177]LogWindowsTextInputMethodSystem: Display: IME system now deactivated.
[2018.05.30-08.56.57:803][177]LogExit: Preparing to exit.
[2018.05.30-08.56.58:535][177]LogDirectoryWatcher: A directory notification for 'C:/Users/q.roze/Desktop/BOULOT/PROJETS PERSOS/LEVEL DESIGN/AC 5/AC5LD/ACProject/Content/' was aborted.
[2018.05.30-08.56.58:565][177]LogExit: Editor shut down
[2018.05.30-08.56.58:574][177]LogExit: Transaction tracking system shut down
[2018.05.30-08.56.58:792][177]LogDirectoryWatcher: A directory notification for '../../../Engine/Content/' was aborted.
[2018.05.30-08.56.58:793][177]LogDirectoryWatcher: A directory notification for '../../../../../../Users/q.roze/Desktop/BOULOT/PROJETS PERSOS/LEVEL DESIGN/AC 5/AC5LD/ACProject/Content/' was aborted.
[2018.05.30-08.56.58:793][177]LogDirectoryWatcher: A directory notification for '../../../Engine/Plugins/2D/Paper2D/Content/' was aborted.
[2018.05.30-08.56.58:793][177]LogDirectoryWatcher: A directory notification for '../../../Engine/Plugins/Media/MediaCompositing/Content/' was aborted.
[2018.05.30-08.56.58:793][177]LogDirectoryWatcher: A directory notification for '../../../Engine/Plugins/Runtime/AppleARKit/Content/' was aborted.
[2018.05.30-08.56.58:793][177]LogDirectoryWatcher: A directory notification for '../../../Engine/Plugins/Runtime/Oculus/OculusVR/Content/' was aborted.
[2018.05.30-08.56.58:793][177]LogDirectoryWatcher: A directory notification for '../../../Engine/Plugins/Runtime/Steam/SteamVR/Content/' was aborted.
[2018.05.30-08.56.58:861][177]LogExit: Object subsystem successfully closed.
[2018.05.30-08.56.58:891][177]LogD3D11RHI: Shutdown
[2018.05.30-08.56.58:891][177]LogD3D11RHI: CleanupD3DDevice
[2018.05.30-08.56.58:895][177]LogD3D11RHI: ~FD3D11DynamicRHI
[2018.05.30-08.56.58:917][177]LogModuleManager: Shutting down and abandoning module MovieSceneCapture (552)
[2018.05.30-08.56.58:917][177]LogModuleManager: Shutting down and abandoning module HierarchicalLODOutliner (550)
[2018.05.30-08.56.58:917][177]LogModuleManager: Shutting down and abandoning module WorldBrowser (548)
[2018.05.30-08.56.58:917][177]LogModuleManager: Shutting down and abandoning module SceneOutliner (546)
[2018.05.30-08.56.58:917][177]LogModuleManager: Shutting down and abandoning module AddContentDialog (544)
[2018.05.30-08.56.58:917][177]LogDirectoryWatcher: A directory notification for 'C:/Program Files/Epic Games/UE_4.18/FeaturePacks/' was aborted.
[2018.05.30-08.56.58:918][177]LogModuleManager: Shutting down and abandoning module WidgetCarousel (543)
[2018.05.30-08.56.58:918][177]LogModuleManager: Shutting down and abandoning module EditorWidgets (540)
[2018.05.30-08.56.58:918][177]LogModuleManager: Shutting down and abandoning module CollectionManager (538)
[2018.05.30-08.56.58:918][177]LogDirectoryWatcher: A directory notification for 'C:/Users/q.roze/Desktop/BOULOT/PROJETS PERSOS/LEVEL DESIGN/AC 5/AC5LD/ACProject/Content/Collections/' was aborted.
[2018.05.30-08.56.58:918][177]LogDirectoryWatcher: A directory notification for 'C:/Users/q.roze/Desktop/BOULOT/PROJETS PERSOS/LEVEL DESIGN/AC 5/AC5LD/ACProject/Content/Developers/qroze/Collections/' was aborted.
[2018.05.30-08.56.58:918][177]LogDirectoryWatcher: A directory notification for 'C:/Users/q.roze/Desktop/BOULOT/PROJETS PERSOS/LEVEL DESIGN/AC 5/AC5LD/ACProject/Saved/Collections/' was aborted.
[2018.05.30-08.56.58:918][177]LogModuleManager: Shutting down and abandoning module StatsViewer (536)
[2018.05.30-08.56.58:918][177]LogModuleManager: Shutting down and abandoning module FoliageEdit (534)
[2018.05.30-08.56.58:918][177]LogModuleManager: Shutting down and abandoning module LandscapeEditor (532)
[2018.05.30-08.56.58:918][177]LogModuleManager: Shutting down and abandoning module MeshPaintMode (530)
[2018.05.30-08.56.58:918][177]LogModuleManager: Shutting down and abandoning module SceneDepthPickerMode (528)
[2018.05.30-08.56.58:918][177]LogModuleManager: Shutting down and abandoning module ActorPickerMode (526)
[2018.05.30-08.56.58:918][177]LogModuleManager: Shutting down and abandoning module GeometryMode (524)
[2018.05.30-08.56.58:918][177]LogModuleManager: Shutting down and abandoning module TextureAlignMode (522)
[2018.05.30-08.56.58:918][177]LogModuleManager: Shutting down and abandoning module BspMode (520)
[2018.05.30-08.56.58:918][177]LogModuleManager: Shutting down and abandoning module PIEPreviewDeviceProfileSelector (518)
[2018.05.30-08.56.58:918][177]LogModuleManager: Shutting down and abandoning module HardwareSurvey (516)
[2018.05.30-08.56.58:918][177]LogModuleManager: Shutting down and abandoning module SequenceRecorderSections (514)
[2018.05.30-08.56.58:918][177]LogModuleManager: Shutting down and abandoning module AutomationWorker (512)
[2018.05.30-08.56.58:918][177]LogModuleManager: Shutting down and abandoning module MatineeToLevelSequence (510)
[2018.05.30-08.56.58:919][177]LogModuleManager: Shutting down and abandoning module LevelSequenceEditor (508)
[2018.05.30-08.56.58:919][177]LogModuleManager: Shutting down and abandoning module PlacementMode (507)
[2018.05.30-08.56.58:919][177]LogModuleManager: Shutting down and abandoning module WmfMediaFactory (504)
[2018.05.30-08.56.58:919][177]LogModuleManager: Shutting down and abandoning module WmfMediaEditor (502)
[2018.05.30-08.56.58:919][177]LogModuleManager: Shutting down and abandoning module OpenExrWrapper (500)
[2018.05.30-08.56.58:919][177]LogModuleManager: Shutting down and abandoning module ImgMediaFactory (498)
[2018.05.30-08.56.58:919][177]LogModuleManager: Shutting down and abandoning module ImgMediaEditor (496)
[2018.05.30-08.56.58:919][177]LogModuleManager: Shutting down and abandoning module AvfMediaFactory (494)
[2018.05.30-08.56.58:919][177]LogModuleManager: Shutting down and abandoning module AvfMediaEditor (492)
[2018.05.30-08.56.58:919][177]LogModuleManager: Shutting down and abandoning module AndroidMediaFactory (490)
[2018.05.30-08.56.58:919][177]LogModuleManager: Shutting down and abandoning module AndroidMediaEditor (488)
[2018.05.30-08.56.58:919][177]LogModuleManager: Shutting down and abandoning module CharacterAI (486)
[2018.05.30-08.56.58:919][177]LogModuleManager: Shutting down and abandoning module AudioCapture (484)
[2018.05.30-08.56.58:919][177]LogModuleManager: Shutting down and abandoning module SequenceRecorder (483)
[2018.05.30-08.56.58:919][177]LogModuleManager: Shutting down and abandoning module SmartSnapping (480)
[2018.05.30-08.56.58:919][177]LogModuleManager: Shutting down and abandoning module SessionServices (478)
[2018.05.30-08.56.58:919][177]LogModuleManager: Shutting down and abandoning module ViewportSnapping (476)
[2018.05.30-08.56.58:919][177]LogModuleManager: Shutting down and abandoning module ViewportInteraction (474)
[2018.05.30-08.56.58:919][177]LogModuleManager: Shutting down and abandoning module ClothPainter (472)
[2018.05.30-08.56.58:919][177]LogModuleManager: Shutting down and abandoning module SkeletalMeshEditor (471)
[2018.05.30-08.56.58:919][177]LogModuleManager: Shutting down and abandoning module LogVisualizer (468)
[2018.05.30-08.56.58:919][177]LogModuleManager: Shutting down and abandoning module IntroTutorials (466)
[2018.05.30-08.56.58:919][177]LogModuleManager: Shutting down and abandoning module GameProjectGeneration (465)
[2018.05.30-08.56.58:919][177]LogModuleManager: Shutting down and abandoning module IOSPlatformEditor (462)
[2018.05.30-08.56.58:919][177]LogModuleManager: Shutting down and abandoning module HTML5PlatformEditor (460)
[2018.05.30-08.56.58:919][177]LogModuleManager: Shutting down and abandoning module AndroidPlatformEditor (458)
[2018.05.30-08.56.58:919][177]LogModuleManager: Shutting down and abandoning module AndroidDeviceDetection (457)
[2018.05.30-08.56.59:314][177]LogModuleManager: Shutting down and abandoning module WindowsPlatformEditor (454)
[2018.05.30-08.56.59:314][177]LogModuleManager: Shutting down and abandoning module IOSRuntimeSettings (452)
[2018.05.30-08.56.59:314][177]LogModuleManager: Shutting down and abandoning module AndroidRuntimeSettings (450)
[2018.05.30-08.56.59:314][177]LogModuleManager: Shutting down and abandoning module InputBindingEditor (448)
[2018.05.30-08.56.59:315][177]LogModuleManager: Shutting down and abandoning module MergeActors (446)
[2018.05.30-08.56.59:315][177]LogModuleManager: Shutting down and abandoning module SizeMap (444)
[2018.05.30-08.56.59:315][177]LogModuleManager: Shutting down and abandoning module TreeMap (442)
[2018.05.30-08.56.59:315][177]LogModuleManager: Shutting down and abandoning module ReferenceViewer (440)
[2018.05.30-08.56.59:315][177]LogModuleManager: Shutting down and abandoning module LocalizationDashboard (438)
[2018.05.30-08.56.59:315][177]LogModuleManager: Shutting down and abandoning module LocalizationService (437)
[2018.05.30-08.56.59:315][177]LogModuleManager: Shutting down and abandoning module HardwareTargeting (434)
[2018.05.30-08.56.59:315][177]LogModuleManager: Shutting down and abandoning module DeviceProfileEditor (432)
[2018.05.30-08.56.59:315][177]LogModuleManager: Shutting down and abandoning module UndoHistory (430)
[2018.05.30-08.56.59:315][177]LogModuleManager: Shutting down and abandoning module XmlParser (428)
[2018.05.30-08.56.59:315][177]LogModuleManager: Shutting down and abandoning module Blutility (426)
[2018.05.30-08.56.59:315][177]LogModuleManager: Shutting down and abandoning module ProjectSettingsViewer (424)
[2018.05.30-08.56.59:316][177]LogModuleManager: Shutting down and abandoning module ProjectTargetPlatformEditor (423)
[2018.05.30-08.56.59:316][177]LogModuleManager: Shutting down and abandoning module EditorSettingsViewer (420)
[2018.05.30-08.56.59:316][177]LogModuleManager: Shutting down and abandoning module SettingsEditor (418)
[2018.05.30-08.56.59:316][177]LogModuleManager: Shutting down and abandoning module ProjectLauncher (416)
[2018.05.30-08.56.59:316][177]LogModuleManager: Shutting down and abandoning module SessionFrontend (414)
[2018.05.30-08.56.59:316][177]LogModuleManager: Shutting down and abandoning module ProfilerClient (412)
[2018.05.30-08.56.59:316][177]LogModuleManager: Shutting down and abandoning module DeviceManager (410)
[2018.05.30-08.56.59:316][177]LogModuleManager: Shutting down and abandoning module TargetDeviceServices (409)
[2018.05.30-08.56.59:370][177]LogModuleManager: Shutting down and abandoning module AutomationController (406)
[2018.05.30-08.56.59:370][177]LogModuleManager: Shutting down and abandoning module AutomationWindow (404)
[2018.05.30-08.56.59:370][177]LogModuleManager: Shutting down and abandoning module Layers (402)
[2018.05.30-08.56.59:370][177]LogModuleManager: Shutting down and abandoning module ComponentVisualizers (400)
[2018.05.30-08.56.59:370][177]LogModuleManager: Shutting down and abandoning module DetailCustomizations (398)
[2018.05.30-08.56.59:370][177]LogModuleManager: Shutting down and abandoning module PackagesDialog (396)
[2018.05.30-08.56.59:371][177]LogModuleManager: Shutting down and abandoning module Persona (394)
[2018.05.30-08.56.59:371][177]LogModuleManager: Shutting down and abandoning module AdvancedPreviewScene (393)
[2018.05.30-08.56.59:371][177]LogModuleManager: Shutting down and abandoning module AnimGraph (391)
[2018.05.30-08.56.59:371][177]LogModuleManager: Shutting down and abandoning module Kismet (388)
[2018.05.30-08.56.59:373][177]LogModuleManager: Shutting down and abandoning module ClassViewer (386)
[2018.05.30-08.56.59:373][177]LogModuleManager: Shutting down and abandoning module Toolbox (384)
[2018.05.30-08.56.59:373][177]LogModuleManager: Shutting down and abandoning module ModuleUI (382)
[2018.05.30-08.56.59:373][177]LogModuleManager: Shutting down and abandoning module MovieSceneTools (380)
[2018.05.30-08.56.59:373][177]LogModuleManager: Shutting down and abandoning module OutputLog (378)
[2018.05.30-08.56.59:373][177]LogModuleManager: Shutting down and abandoning module GammaUI (376)
[2018.05.30-08.56.59:373][177]LogModuleManager: Shutting down and abandoning module Documentation (374)
[2018.05.30-08.56.59:373][177]LogModuleManager: Shutting down and abandoning module MovieSceneTracks (372)
[2018.05.30-08.56.59:373][177]LogModuleManager: Shutting down and abandoning module MovieScene (370)
[2018.05.30-08.56.59:373][177]LogModuleManager: Shutting down and abandoning module StreamingPauseRendering (368)
[2018.05.30-08.56.59:373][177]LogModuleManager: Shutting down and abandoning module LauncherPlatform (366)
[2018.05.30-08.56.59:373][177]LogModuleManager: Shutting down and abandoning module AnalyticsET (364)
[2018.05.30-08.56.59:374][177]LogModuleManager: Shutting down and abandoning module PortalServices (362)
[2018.05.30-08.56.59:374][177]LogModuleManager: Shutting down and abandoning module PortalRpc (360)
[2018.05.30-08.56.59:374][177]LogModuleManager: Shutting down and abandoning module MessagingRpc (358)
[2018.05.30-08.56.59:374][177]LogModuleManager: Shutting down and abandoning module AIModule (356)
[2018.05.30-08.56.59:374][177]LogModuleManager: Shutting down and abandoning module GameplayDebugger (355)
[2018.05.30-08.56.59:374][177]LogModuleManager: Shutting down and abandoning module AITestSuite (353)
[2018.05.30-08.56.59:374][177]LogModuleManager: Shutting down and abandoning module DesktopPlatform (350)
[2018.05.30-08.56.59:374][177]LogModuleManager: Shutting down and abandoning module ProfilerService (348)
[2018.05.30-08.56.59:566][177]LogModuleManager: Shutting down and abandoning module TaskGraph (346)
[2018.05.30-08.56.59:566][177]LogModuleManager: Shutting down and abandoning module SteamVRController (344)
[2018.05.30-08.56.59:567][177]LogModuleManager: Shutting down and abandoning module ProceduralMeshComponentEditor (342)
[2018.05.30-08.56.59:567][177]LogModuleManager: Shutting down and abandoning module ProceduralMeshComponent (340)
[2018.05.30-08.56.59:567][177]LogModuleManager: Shutting down and abandoning module OculusInput (338)
[2018.05.30-08.56.59:567][177]LogModuleManager: Shutting down and abandoning module MobilePatchingUtils (336)
[2018.05.30-08.56.59:567][177]LogModuleManager: Shutting down and abandoning module CustomMeshComponent (334)
[2018.05.30-08.56.59:567][177]LogModuleManager: Shutting down and abandoning module CableComponent (332)
[2018.05.30-08.56.59:567][177]LogModuleManager: Shutting down and abandoning module ArchVisCharacter (330)
[2018.05.30-08.56.59:567][177]LogModuleManager: Shutting down and abandoning module AndroidPermission (328)
[2018.05.30-08.56.59:567][177]LogModuleManager: Shutting down and abandoning module ActorSequence (324)
[2018.05.30-08.56.59:567][177]LogModuleManager: Shutting down and abandoning module MediaPlayerEditor (322)
[2018.05.30-08.56.59:567][177]LogModuleManager: Shutting down and abandoning module MediaCompositingEditor (320)
[2018.05.30-08.56.59:567][177]LogModuleManager: Shutting down and abandoning module MediaCompositing (318)
[2018.05.30-08.56.59:567][177]LogModuleManager: Shutting down and abandoning module HTML5Networking (316)
[2018.05.30-08.56.59:568][177]LogModuleManager: Shutting down and abandoning module AlembicImporter (314)
[2018.05.30-08.56.59:568][177]LogModuleManager: Shutting down and abandoning module AlembicLibrary (313)
[2018.05.30-08.56.59:568][177]LogModuleManager: Shutting down and abandoning module GeometryCache (312)
[2018.05.30-08.56.59:568][177]LogModuleManager: Shutting down and abandoning module GeometryCacheEd (311)
[2018.05.30-08.56.59:568][177]LogModuleManager: Shutting down and abandoning module SpeedTreeImporter (306)
[2018.05.30-08.56.59:568][177]LogModuleManager: Shutting down and abandoning module PluginBrowser (304)
[2018.05.30-08.56.59:568][177]LogModuleManager: Shutting down and abandoning module MobileLauncherProfileWizard (302)
[2018.05.30-08.56.59:568][177]LogModuleManager: Shutting down and abandoning module VisualStudioSourceCodeAccess (300)
[2018.05.30-08.56.59:568][177]LogModuleManager: Shutting down and abandoning module VisualStudioCodeSourceCodeAccess (298)
[2018.05.30-08.56.59:568][177]LogModuleManager: Shutting down and abandoning module UObjectPlugin (296)
[2018.05.30-08.56.59:568][177]LogModuleManager: Shutting down and abandoning module SubversionSourceControl (294)
[2018.05.30-08.56.59:569][177]LogModuleManager: Shutting down and abandoning module PerforceSourceControl (292)
[2018.05.30-08.56.59:569][177]LogModuleManager: Shutting down and abandoning module GitSourceControl (290)
[2018.05.30-08.56.59:569][177]LogModuleManager: Shutting down and abandoning module SourceControl (289)
[2018.05.30-08.56.59:569][177]LogModuleManager: Shutting down and abandoning module LightPropagationVolumeEditor (286)
[2018.05.30-08.56.59:569][177]LogModuleManager: Shutting down and abandoning module PaperTiledImporter (284)
[2018.05.30-08.56.59:569][177]LogModuleManager: Shutting down and abandoning module PaperSpriteSheetImporter (282)
[2018.05.30-08.56.59:569][177]LogModuleManager: Shutting down and abandoning module Paper2DEditor (280)
[2018.05.30-08.56.59:569][177]LogModuleManager: Shutting down and abandoning module MeshPaint (279)
[2018.05.30-08.56.59:569][177]LogModuleManager: Shutting down and abandoning module LevelEditor (277)
[2018.05.30-08.56.59:572][177]LogModuleManager: Shutting down and abandoning module PixelInspectorModule (276)
[2018.05.30-08.56.59:572][177]LogModuleManager: Shutting down and abandoning module MainFrame (274)
[2018.05.30-08.56.59:573][177]LogModuleManager: Shutting down and abandoning module HotReload (273)
[2018.05.30-08.56.59:574][177]LogModuleManager: Shutting down and abandoning module RuntimePhysXCooking (268)
[2018.05.30-08.56.59:574][177]LogModuleManager: Shutting down and abandoning module PhysXVehiclesEditor (266)
[2018.05.30-08.56.59:574][177]LogModuleManager: Shutting down and abandoning module PhysXVehicles (264)
[2018.05.30-08.56.59:574][177]LogModuleManager: Shutting down and abandoning module OculusEditor (262)
[2018.05.30-08.56.59:574][177]LogModuleManager: Shutting down and abandoning module LocationServicesBPLibrary (260)
[2018.05.30-08.56.59:574][177]LogModuleManager: Shutting down and abandoning module ImmediatePhysicsEditor (258)
[2018.05.30-08.56.59:574][177]LogModuleManager: Shutting down and abandoning module ImmediatePhysics (256)
[2018.05.30-08.56.59:574][177]LogModuleManager: Shutting down and abandoning module UdpMessaging (254)
[2018.05.30-08.56.59:675][177]LogModuleManager: Shutting down and abandoning module TcpMessaging (252)
[2018.05.30-08.56.59:775][177]LogModuleManager: Shutting down and abandoning module GameplayTagsEditor (250)
[2018.05.30-08.56.59:775][177]LogModuleManager: Shutting down and abandoning module FacialAnimationEditor (248)
[2018.05.30-08.56.59:775][177]LogModuleManager: Shutting down and abandoning module FacialAnimation (246)
[2018.05.30-08.56.59:776][177]LogModuleManager: Shutting down and abandoning module AssetManagerEditor (244)
[2018.05.30-08.56.59:776][177]LogModuleManager: Shutting down and abandoning module GraphEditor (243)
[2018.05.30-08.56.59:776][177]LogModuleManager: Shutting down and abandoning module ContentBrowser (241)
[2018.05.30-08.56.59:779][177]LogModuleManager: Shutting down and abandoning module LightPropagationVolumeRuntime (238)
[2018.05.30-08.56.59:779][177]LogModuleManager: Shutting down and abandoning module Paper2D (236)
[2018.05.30-08.56.59:780][177]LogModuleManager: Shutting down and abandoning module WindowsMoviePlayer (234)
[2018.05.30-08.56.59:780][177]LogModuleManager: Shutting down and abandoning module WmfMedia (232)
[2018.05.30-08.56.59:785][177]LogModuleManager: Shutting down and abandoning module ImgMedia (230)
[2018.05.30-08.56.59:785][177]LogModuleManager: Shutting down and abandoning module PacketHandler (228)
[2018.05.30-08.56.59:785][177]LogModuleManager: Shutting down and abandoning module ClothingSystemEditor (226)
[2018.05.30-08.56.59:785][177]LogModuleManager: Shutting down and abandoning module ClothingSystemRuntime (224)
[2018.05.30-08.56.59:785][177]LogModuleManager: Shutting down and abandoning module MediaAssets (222)
[2018.05.30-08.56.59:785][177]LogModuleManager: Shutting down and abandoning module Media (221)
[2018.05.30-08.56.59:792][177]LogModuleManager: Shutting down and abandoning module Overlay (218)
[2018.05.30-08.56.59:792][177]LogModuleManager: Shutting down and abandoning module OverlayEditor (217)
[2018.05.30-08.56.59:792][177]LogModuleManager: Shutting down and abandoning module VREditor (214)
[2018.05.30-08.56.59:792][177]LogModuleManager: Shutting down and abandoning module StringTableEditor (212)
[2018.05.30-08.56.59:792][177]LogModuleManager: Shutting down and abandoning module GameplayTasksEditor (210)
[2018.05.30-08.56.59:792][177]LogModuleManager: Shutting down and abandoning module BehaviorTreeEditor (208)
[2018.05.30-08.56.59:793][177]LogModuleManager: Shutting down and abandoning module FunctionalTesting (206)
[2018.05.30-08.56.59:793][177]LogModuleManager: Shutting down and abandoning module CollisionAnalyzer (204)
[2018.05.30-08.56.59:793][177]LogModuleManager: Shutting down and abandoning module WorkspaceMenuStructure (203)
[2018.05.30-08.56.59:793][177]LogModuleManager: Shutting down and abandoning module UMG (200)
[2018.05.30-08.56.59:793][177]LogModuleManager: Shutting down and abandoning module UMGEditor (199)
[2018.05.30-08.56.59:793][177]LogModuleManager: Shutting down and abandoning module Sequencer (198)
[2018.05.30-08.56.59:794][177]LogModuleManager: Shutting down and abandoning module MessageLog (195)
[2018.05.30-08.56.59:794][177]LogModuleManager: Shutting down and abandoning module SlateReflector (190)
[2018.05.30-08.56.59:794][177]LogModuleManager: Shutting down and abandoning module Slate (188)
[2018.05.30-08.56.59:794][177]LogModuleManager: Shutting down and abandoning module EditorStyle (186)
[2018.05.30-08.56.59:803][177]LogModuleManager: Shutting down and abandoning module MRMesh (184)
[2018.05.30-08.56.59:803][177]LogModuleManager: Shutting down and abandoning module SourceCodeAccess (182)
[2018.05.30-08.56.59:803][177]LogModuleManager: Shutting down and abandoning module HeadMountedDisplay (180)
[2018.05.30-08.56.59:803][177]LogModuleManager: Shutting down and abandoning module XAudio2 (178)
[2018.05.30-08.56.59:803][177]LogModuleManager: Shutting down and abandoning module Networking (176)
[2018.05.30-08.56.59:803][177]LogModuleManager: Shutting down and abandoning module Core (172)
[2018.05.30-08.56.59:803][177]LogModuleManager: Shutting down and abandoning module LevelSequence (168)
[2018.05.30-08.56.59:803][177]LogModuleManager: Shutting down and abandoning module DirectoryWatcher (166)
[2018.05.30-08.56.59:812][177]LogModuleManager: Shutting down and abandoning module KismetCompiler (164)
[2018.05.30-08.56.59:813][177]LogModuleManager: Shutting down and abandoning module MeshUtilities (162)
[2018.05.30-08.56.59:813][177]LogModuleManager: Shutting down and abandoning module MeshMergeUtilities (161)
[2018.05.30-08.56.59:813][177]LogModuleManager: Shutting down and abandoning module MeshReductionInterface (160)
[2018.05.30-08.56.59:813][177]LogModuleManager: Shutting down and abandoning module SimplygonSwarm (159)
[2018.05.30-08.56.59:813][177]LogModuleManager: Shutting down and abandoning module SimplygonMeshReduction (157)
[2018.05.30-08.56.59:813][177]LogModuleManager: Shutting down and abandoning module QuadricMeshReduction (155)
[2018.05.30-08.56.59:813][177]LogModuleManager: Shutting down and abandoning module MaterialBaking (151)
[2018.05.30-08.56.59:813][177]LogModuleManager: Shutting down and abandoning module DerivedDataCache (148)
[2018.05.30-08.56.59:913][177]LogDerivedDataCache: Shutdown
[2018.05.30-08.56.59:913][177]LogModuleManager: Shutting down and abandoning module TargetPlatform (146)
[2018.05.30-08.56.59:913][177]LogModuleManager: Shutting down and abandoning module VulkanShaderFormat (145)
[2018.05.30-08.56.59:913][177]LogModuleManager: Shutting down and abandoning module ShaderFormatVectorVM (143)
[2018.05.30-08.56.59:913][177]LogModuleManager: Shutting down and abandoning module ShaderFormatOpenGL (141)
[2018.05.30-08.56.59:913][177]LogModuleManager: Shutting down and abandoning module ShaderFormatD3D (139)
[2018.05.30-08.56.59:913][177]LogModuleManager: Shutting down and abandoning module MetalShaderFormat (137)
[2018.05.30-08.56.59:913][177]LogModuleManager: Shutting down and abandoning module TextureFormatUncompressed (135)
[2018.05.30-08.56.59:913][177]LogModuleManager: Shutting down and abandoning module TextureFormatPVR (133)
[2018.05.30-08.56.59:913][177]LogModuleManager: Shutting down and abandoning module TextureFormatDXT (131)
[2018.05.30-08.56.59:913][177]LogModuleManager: Shutting down and abandoning module TextureFormatIntelISPCTexComp (129)
[2018.05.30-08.56.59:913][177]LogModuleManager: Shutting down and abandoning module TextureFormatASTC (127)
[2018.05.30-08.56.59:913][177]LogModuleManager: Shutting down and abandoning module ImageWrapper (126)
[2018.05.30-08.56.59:913][177]LogModuleManager: Shutting down and abandoning module TextureFormatAndroid (123)
[2018.05.30-08.56.59:913][177]LogModuleManager: Shutting down and abandoning module AudioFormatOpus (121)
[2018.05.30-08.56.59:913][177]LogModuleManager: Shutting down and abandoning module AudioFormatOgg (119)
[2018.05.30-08.56.59:913][177]LogModuleManager: Shutting down and abandoning module AudioFormatADPCM (117)
[2018.05.30-08.56.59:913][177]LogModuleManager: Shutting down and abandoning module LinuxTargetPlatform (115)
[2018.05.30-08.56.59:913][177]LogModuleManager: Shutting down and abandoning module LinuxServerTargetPlatform (113)
[2018.05.30-08.56.59:913][177]LogModuleManager: Shutting down and abandoning module LinuxNoEditorTargetPlatform (111)
[2018.05.30-08.56.59:913][177]LogModuleManager: Shutting down and abandoning module LinuxClientTargetPlatform (109)
[2018.05.30-08.56.59:913][177]LogModuleManager: Shutting down and abandoning module TVOSTargetPlatform (107)
[2018.05.30-08.56.59:913][177]LogModuleManager: Shutting down and abandoning module Messaging (105)
[2018.05.30-08.56.59:913][177]LogModuleManager: Shutting down and abandoning module IOSTargetPlatform (103)
[2018.05.30-08.56.59:913][177]LogModuleManager: Shutting down and abandoning module HTML5TargetPlatform (101)
[2018.05.30-08.56.59:913][177]LogModuleManager: Shutting down and abandoning module AndroidTargetPlatform (99)
[2018.05.30-08.56.59:913][177]LogModuleManager: Shutting down and abandoning module Android_PVRTCTargetPlatform (97)
[2018.05.30-08.56.59:913][177]LogModuleManager: Shutting down and abandoning module Android_MultiTargetPlatform (95)
[2018.05.30-08.56.59:913][177]LogModuleManager: Shutting down and abandoning module Android_ETC2TargetPlatform (93)
[2018.05.30-08.56.59:913][177]LogModuleManager: Shutting down and abandoning module Android_ETC1TargetPlatform (91)
[2018.05.30-08.56.59:913][177]LogModuleManager: Shutting down and abandoning module Android_DXTTargetPlatform (89)
[2018.05.30-08.56.59:913][177]LogModuleManager: Shutting down and abandoning module Android_ATCTargetPlatform (87)
[2018.05.30-08.56.59:913][177]LogModuleManager: Shutting down and abandoning module Android_ASTCTargetPlatform (85)
[2018.05.30-08.56.59:913][177]LogModuleManager: Shutting down and abandoning module WindowsTargetPlatform (83)
[2018.05.30-08.56.59:913][177]LogModuleManager: Shutting down and abandoning module WindowsServerTargetPlatform (81)
[2018.05.30-08.56.59:913][177]LogModuleManager: Shutting down and abandoning module WindowsNoEditorTargetPlatform (79)
[2018.05.30-08.56.59:914][177]LogModuleManager: Shutting down and abandoning module WindowsClientTargetPlatform (77)
[2018.05.30-08.56.59:914][177]LogModuleManager: Shutting down and abandoning module MacTargetPlatform (75)
[2018.05.30-08.56.59:914][177]LogModuleManager: Shutting down and abandoning module MacServerTargetPlatform (73)
[2018.05.30-08.56.59:914][177]LogModuleManager: Shutting down and abandoning module MacNoEditorTargetPlatform (71)
[2018.05.30-08.56.59:914][177]LogModuleManager: Shutting down and abandoning module MacClientTargetPlatform (69)
[2018.05.30-08.56.59:914][177]LogModuleManager: Shutting down and abandoning module AllDesktopTargetPlatform (67)
[2018.05.30-08.56.59:914][177]LogModuleManager: Shutting down and abandoning module InputCore (64)
[2018.05.30-08.56.59:914][177]LogModuleManager: Shutting down and abandoning module Settings (62)
[2018.05.30-08.56.59:914][177]LogModuleManager: Shutting down and abandoning module PhysXCooking (60)
[2018.05.30-08.56.59:914][177]LogModuleManager: Shutting down and abandoning module SteamVR (58)
[2018.05.30-08.56.59:914][177]LogModuleManager: Shutting down and abandoning module OculusHMD (56)
[2018.05.30-08.56.59:914][177]LogModuleManager: Shutting down and abandoning module ExampleDeviceProfileSelector (54)
[2018.05.30-08.56.59:914][177]LogModuleManager: Shutting down and abandoning module AppleARKit (52)
[2018.05.30-08.56.59:914][177]LogModuleManager: Shutting down and abandoning module AugmentedReality (51)
[2018.05.30-08.56.59:914][177]LogModuleManager: Shutting down and abandoning module OnlineBlueprintSupport (48)
[2018.05.30-08.56.59:914][177]LogModuleManager: Shutting down and abandoning module OnlineSubsystem (44)
[2018.05.30-08.56.59:914][177]LogModuleManager: Shutting down and abandoning module XMPP (43)
[2018.05.30-08.56.59:914][177]LogModuleManager: Shutting down and abandoning module HTTP (41)
[2018.05.30-08.56.59:914][177]LogHttp: Display: Http module shutting down, but needs to wait on 1 outstanding Http requests:
[2018.05.30-08.56.59:914][177]LogHttp: Display: 	verb=[POST] url=[https://datarouter.ol.epicgames.com/datarouter/api/v1/public/data?SessionID=%7B07CD8C26-4D70-D8C5-AEE5-8DAC189CD788%7D&AppID=UEEditor.Rocket.Release&AppVersion=4.18.3-3832480%2B%2B%2BUE4%2BRelease-4.18&UserID=c31245914b28d840664cedadd45726a3%7C51c1858b792f49369db87628fda8b6dc%7C827acf9c-9f39-4f0e-bcce-307d535d0ab0&AppEnvironment=datacollector-binary&UploadType=eteventstream] status=Processing
[2018.05.30-08.56.59:930][177]LogModuleManager: Shutting down and abandoning module SSL (40)
[2018.05.30-08.56.59:932][177]LogModuleManager: Shutting down and abandoning module AnimationModifiers (36)
[2018.05.30-08.56.59:932][177]LogModuleManager: Shutting down and abandoning module PropertyEditor (35)
[2018.05.30-08.56.59:932][177]LogModuleManager: Shutting down and abandoning module AudioEditor (32)
[2018.05.30-08.56.59:932][177]LogModuleManager: Shutting down and abandoning module TextureCompressor (30)
[2018.05.30-08.56.59:932][177]LogModuleManager: Shutting down and abandoning module ShaderCore (28)
[2018.05.30-08.56.59:932][177]LogModuleManager: Shutting down and abandoning module Landscape (26)
[2018.05.30-08.56.59:932][177]LogModuleManager: Shutting down and abandoning module SlateRHIRenderer (24)
[2018.05.30-08.56.59:933][177]LogModuleManager: Shutting down and abandoning module OpenGLDrv (22)
[2018.05.30-08.56.59:934][177]LogModuleManager: Shutting down and abandoning module D3D11RHI (20)
[2018.05.30-08.56.59:934][177]LogModuleManager: Shutting down and abandoning module AnimGraphRuntime (18)
[2018.05.30-08.56.59:934][177]LogModuleManager: Shutting down and abandoning module Renderer (16)
[2018.05.30-08.56.59:934][177]LogModuleManager: Shutting down and abandoning module Engine (14)
[2018.05.30-08.56.59:934][177]LogModuleManager: Shutting down and abandoning module CoreUObject (12)
[2018.05.30-08.56.59:934][177]LogModuleManager: Shutting down and abandoning module NetworkFile (10)
[2018.05.30-08.56.59:934][177]LogModuleManager: Shutting down and abandoning module CookedIterativeFile (8)
[2018.05.30-08.56.59:934][177]LogModuleManager: Shutting down and abandoning module StreamingFile (6)
[2018.05.30-08.56.59:934][177]LogModuleManager: Shutting down and abandoning module SandboxFile (4)
[2018.05.30-08.56.59:934][177]LogModuleManager: Shutting down and abandoning module PakFile (2)
[2018.05.30-08.56.59:953][177]LogExit: Exiting.
[2018.05.30-08.56.59:957][177]Log file closed, 05/30/18 10:56:59
