Log file open, 05/26/18 17:37:19
LogWindows: Failed to load 'aqProf.dll' (GetLastError=126)
LogWindows: File 'aqProf.dll' does not exist
LogWindows: Failed to load 'VSPerf140.dll' (GetLastError=126)
LogWindows: File 'VSPerf140.dll' does not exist
LogWindows: Failed to load 'VtuneApi.dll' (GetLastError=126)
LogWindows: File 'VtuneApi.dll' does not exist
LogWindows: Failed to load 'VtuneApi32e.dll' (GetLastError=126)
LogWindows: File 'VtuneApi32e.dll' does not exist
LogInit: Display: Running engine for game: ACProject
LogPlatformFile: Not using cached read wrapper
LogInit: Display: RandInit(-420517104) SRandInit(-420517104).
LogInit: Read version file with build ID '3709383'
LogInit: Overriding engine version to CL 3832480, compatible CL 3709383
LogInit: Registered custom module enumerator with build ID '3709383'
LogTaskGraph: Started task graph with 5 named threads and 14 total threads with 3 sets of task threads.
LogStats: Stats thread started at 0.161328
LogD3D11RHI: Aftermath initialized
LogModuleManager: Display: Found up-to-date module file ../../../Engine/Plugins/2D/Paper2D/Binaries/Win64/UE4Editor-Paper2D.dll (API version 3709383).
LogModuleManager: Display: Found up-to-date module file ../../../Engine/Plugins/2D/Paper2D/Binaries/Win64/UE4Editor-Paper2DEditor.dll (API version 3709383).
LogModuleManager: Display: Found up-to-date module file ../../../Engine/Plugins/2D/Paper2D/Binaries/Win64/UE4Editor-PaperSpriteSheetImporter.dll (API version 3709383).
LogModuleManager: Display: Found up-to-date module file ../../../Engine/Plugins/2D/Paper2D/Binaries/Win64/UE4Editor-PaperTiledImporter.dll (API version 3709383).
LogModuleManager: Display: Found up-to-date module file ../../../Engine/Plugins/2D/Paper2D/Binaries/Win64/UE4Editor-SmartSnapping.dll (API version 3709383).
LogModuleManager: Display: Found up-to-date module file ../../../Engine/Plugins/Blendables/LightPropagationVolume/Binaries/Win64/UE4Editor-LightPropagationVolumeRuntime.dll (API version 3709383).
LogModuleManager: Display: Found up-to-date module file ../../../Engine/Plugins/Blendables/LightPropagationVolume/Binaries/Win64/UE4Editor-LightPropagationVolumeEditor.dll (API version 3709383).
LogModuleManager: Display: Found up-to-date module file ../../../Engine/Plugins/Developer/GitSourceControl/Binaries/Win64/UE4Editor-GitSourceControl.dll (API version 3709383).
LogModuleManager: Display: Found up-to-date module file ../../../Engine/Plugins/Developer/PerforceSourceControl/Binaries/Win64/UE4Editor-PerforceSourceControl.dll (API version 3709383).
LogModuleManager: Display: Found up-to-date module file ../../../Engine/Plugins/Developer/SubversionSourceControl/Binaries/Win64/UE4Editor-SubversionSourceControl.dll (API version 3709383).
LogModuleManager: Display: Found up-to-date module file ../../../Engine/Plugins/Developer/UObjectPlugin/Binaries/Win64/UE4Editor-UObjectPlugin.dll (API version 3709383).
LogModuleManager: Display: Found up-to-date module file ../../../Engine/Plugins/Developer/VisualStudioCodeSourceCodeAccess/Binaries/Win64/UE4Editor-VisualStudioCodeSourceCodeAccess.dll (API version 3709383).
LogModuleManager: Display: Found up-to-date module file ../../../Engine/Plugins/Developer/VisualStudioSourceCodeAccess/Binaries/Win64/UE4Editor-VisualStudioSourceCodeAccess.dll (API version 3709383).
LogModuleManager: Display: Found up-to-date module file ../../../Engine/Plugins/Editor/AssetManagerEditor/Binaries/Win64/UE4Editor-AssetManagerEditor.dll (API version 3709383).
LogModuleManager: Display: Found up-to-date module file ../../../Engine/Plugins/Editor/AudioCapture/Binaries/Win64/UE4Editor-AudioCapture.dll (API version 3709383).
LogModuleManager: Display: Found up-to-date module file ../../../Engine/Plugins/Editor/FacialAnimation/Binaries/Win64/UE4Editor-FacialAnimation.dll (API version 3709383).
LogModuleManager: Display: Found up-to-date module file ../../../Engine/Plugins/Editor/FacialAnimation/Binaries/Win64/UE4Editor-FacialAnimationEditor.dll (API version 3709383).
LogModuleManager: Display: Found up-to-date module file ../../../Engine/Plugins/Editor/GameplayTagsEditor/Binaries/Win64/UE4Editor-GameplayTagsEditor.dll (API version 3709383).
LogModuleManager: Display: Found up-to-date module file ../../../Engine/Plugins/Editor/MobileLauncherProfileWizard/Binaries/Win64/UE4Editor-MobileLauncherProfileWizard.dll (API version 3709383).
LogModuleManager: Display: Found up-to-date module file ../../../Engine/Plugins/Editor/PluginBrowser/Binaries/Win64/UE4Editor-PluginBrowser.dll (API version 3709383).
LogModuleManager: Display: Found up-to-date module file ../../../Engine/Plugins/Editor/SpeedTreeImporter/Binaries/Win64/UE4Editor-SpeedTreeImporter.dll (API version 3709383).
LogModuleManager: Display: Found up-to-date module file ../../../Engine/Plugins/Experimental/AlembicImporter/Binaries/Win64/UE4Editor-AlembicImporter.dll (API version 3709383).
LogModuleManager: Display: Found up-to-date module file ../../../Engine/Plugins/Experimental/AlembicImporter/Binaries/Win64/UE4Editor-AlembicLibrary.dll (API version 3709383).
LogModuleManager: Display: Found up-to-date module file ../../../Engine/Plugins/Experimental/CharacterAI/Binaries/Win64/UE4Editor-CharacterAI.dll (API version 3709383).
LogModuleManager: Display: Found up-to-date module file ../../../Engine/Plugins/Experimental/HTML5Networking/Binaries/Win64/UE4Editor-HTML5Networking.dll (API version 3709383).
LogModuleManager: Display: Found up-to-date module file ../../../Engine/Plugins/Media/AndroidMedia/Binaries/Win64/UE4Editor-AndroidMediaEditor.dll (API version 3709383).
LogModuleManager: Display: Found up-to-date module file ../../../Engine/Plugins/Media/AndroidMedia/Binaries/Win64/UE4Editor-AndroidMediaFactory.dll (API version 3709383).
LogModuleManager: Display: Found up-to-date module file ../../../Engine/Plugins/Media/AvfMedia/Binaries/Win64/UE4Editor-AvfMediaEditor.dll (API version 3709383).
LogModuleManager: Display: Found up-to-date module file ../../../Engine/Plugins/Media/AvfMedia/Binaries/Win64/UE4Editor-AvfMediaFactory.dll (API version 3709383).
LogModuleManager: Display: Found up-to-date module file ../../../Engine/Plugins/Media/AvfMedia/Binaries/Win64/UE4Editor-AvfMediaFactory.dll (API version 3709383).
LogModuleManager: Display: Found up-to-date module file ../../../Engine/Plugins/Media/ImgMedia/Binaries/Win64/UE4Editor-ImgMedia.dll (API version 3709383).
LogModuleManager: Display: Found up-to-date module file ../../../Engine/Plugins/Media/ImgMedia/Binaries/Win64/UE4Editor-ImgMediaEditor.dll (API version 3709383).
LogModuleManager: Display: Found up-to-date module file ../../../Engine/Plugins/Media/ImgMedia/Binaries/Win64/UE4Editor-ImgMediaFactory.dll (API version 3709383).
LogModuleManager: Display: Found up-to-date module file ../../../Engine/Plugins/Media/ImgMedia/Binaries/Win64/UE4Editor-ImgMediaFactory.dll (API version 3709383).
LogModuleManager: Display: Found up-to-date module file ../../../Engine/Plugins/Media/ImgMedia/Binaries/Win64/UE4Editor-OpenExrWrapper.dll (API version 3709383).
LogModuleManager: Display: Found up-to-date module file ../../../Engine/Plugins/Media/MediaCompositing/Binaries/Win64/UE4Editor-MediaCompositing.dll (API version 3709383).
LogModuleManager: Display: Found up-to-date module file ../../../Engine/Plugins/Media/MediaCompositing/Binaries/Win64/UE4Editor-MediaCompositingEditor.dll (API version 3709383).
LogModuleManager: Display: Found up-to-date module file ../../../Engine/Plugins/Media/MediaPlayerEditor/Binaries/Win64/UE4Editor-MediaPlayerEditor.dll (API version 3709383).
LogModuleManager: Display: Found up-to-date module file ../../../Engine/Plugins/Media/WmfMedia/Binaries/Win64/UE4Editor-WmfMedia.dll (API version 3709383).
LogModuleManager: Display: Found up-to-date module file ../../../Engine/Plugins/Media/WmfMedia/Binaries/Win64/UE4Editor-WmfMediaEditor.dll (API version 3709383).
LogModuleManager: Display: Found up-to-date module file ../../../Engine/Plugins/Media/WmfMedia/Binaries/Win64/UE4Editor-WmfMediaFactory.dll (API version 3709383).
LogModuleManager: Display: Found up-to-date module file ../../../Engine/Plugins/Media/WmfMedia/Binaries/Win64/UE4Editor-WmfMediaFactory.dll (API version 3709383).
LogModuleManager: Display: Found up-to-date module file ../../../Engine/Plugins/Messaging/TcpMessaging/Binaries/Win64/UE4Editor-TcpMessaging.dll (API version 3709383).
LogModuleManager: Display: Found up-to-date module file ../../../Engine/Plugins/Messaging/UdpMessaging/Binaries/Win64/UE4Editor-UdpMessaging.dll (API version 3709383).
LogModuleManager: Display: Found up-to-date module file ../../../Engine/Plugins/MovieScene/ActorSequence/Binaries/Win64/UE4Editor-ActorSequence.dll (API version 3709383).
LogModuleManager: Display: Found up-to-date module file ../../../Engine/Plugins/MovieScene/LevelSequenceEditor/Binaries/Win64/UE4Editor-LevelSequenceEditor.dll (API version 3709383).
LogModuleManager: Display: Found up-to-date module file ../../../Engine/Plugins/MovieScene/MatineeToLevelSequence/Binaries/Win64/UE4Editor-MatineeToLevelSequence.dll (API version 3709383).
LogModuleManager: Display: Found up-to-date module file ../../../Engine/Plugins/Online/OnlineSubsystem/Binaries/Win64/UE4Editor-OnlineSubsystem.dll (API version 3709383).
LogModuleManager: Display: Found up-to-date module file ../../../Engine/Plugins/Runtime/AndroidPermission/Binaries/Win64/UE4Editor-AndroidPermission.dll (API version 3709383).
LogModuleManager: Display: Found up-to-date module file ../../../Engine/Plugins/Online/OnlineSubsystemNull/Binaries/Win64/UE4Editor-OnlineSubsystemNull.dll (API version 3709383).
LogModuleManager: Display: Found up-to-date module file ../../../Engine/Plugins/Online/OnlineSubsystemUtils/Binaries/Win64/UE4Editor-OnlineSubsystemUtils.dll (API version 3709383).
LogModuleManager: Display: Found up-to-date module file ../../../Engine/Plugins/Online/OnlineSubsystemUtils/Binaries/Win64/UE4Editor-OnlineBlueprintSupport.dll (API version 3709383).
LogModuleManager: Display: Found up-to-date module file ../../../Engine/Plugins/Runtime/AndroidDeviceProfileSelector/Binaries/Win64/UE4Editor-AndroidDeviceProfileSelector.dll (API version 3709383).
LogModuleManager: Display: Found up-to-date module file ../../../Engine/Plugins/Runtime/AppleARKit/Binaries/Win64/UE4Editor-AppleARKit.dll (API version 3709383).
LogModuleManager: Display: Found up-to-date module file ../../../Engine/Plugins/Runtime/ArchVisCharacter/Binaries/Win64/UE4Editor-ArchVisCharacter.dll (API version 3709383).
LogModuleManager: Display: Found up-to-date module file ../../../Engine/Plugins/Runtime/CableComponent/Binaries/Win64/UE4Editor-CableComponent.dll (API version 3709383).
LogModuleManager: Display: Found up-to-date module file ../../../Engine/Plugins/Runtime/CustomMeshComponent/Binaries/Win64/UE4Editor-CustomMeshComponent.dll (API version 3709383).
LogModuleManager: Display: Found up-to-date module file ../../../Engine/Plugins/Runtime/ExampleDeviceProfileSelector/Binaries/Win64/UE4Editor-ExampleDeviceProfileSelector.dll (API version 3709383).
LogModuleManager: Display: Found up-to-date module file ../../../Engine/Plugins/Runtime/ImmediatePhysics/Binaries/Win64/UE4Editor-ImmediatePhysics.dll (API version 3709383).
LogModuleManager: Display: Found up-to-date module file ../../../Engine/Plugins/Runtime/ImmediatePhysics/Binaries/Win64/UE4Editor-ImmediatePhysicsEditor.dll (API version 3709383).
LogModuleManager: Display: Found up-to-date module file ../../../Engine/Plugins/Runtime/LocationServicesBPLibrary/Binaries/Win64/UE4Editor-LocationServicesBPLibrary.dll (API version 3709383).
LogModuleManager: Display: Found up-to-date module file ../../../Engine/Plugins/Runtime/MobilePatchingUtils/Binaries/Win64/UE4Editor-MobilePatchingUtils.dll (API version 3709383).
LogModuleManager: Display: Found up-to-date module file ../../../Engine/Plugins/Runtime/Oculus/OculusVR/Binaries/Win64/UE4Editor-OculusHMD.dll (API version 3709383).
LogModuleManager: Display: Found up-to-date module file ../../../Engine/Plugins/Runtime/Oculus/OculusVR/Binaries/Win64/UE4Editor-OculusInput.dll (API version 3709383).
LogModuleManager: Display: Found up-to-date module file ../../../Engine/Plugins/Runtime/Oculus/OculusVR/Binaries/Win64/UE4Editor-OculusEditor.dll (API version 3709383).
LogModuleManager: Display: Found up-to-date module file ../../../Engine/Plugins/Runtime/PhysXVehicles/Binaries/Win64/UE4Editor-PhysXVehicles.dll (API version 3709383).
LogModuleManager: Display: Found up-to-date module file ../../../Engine/Plugins/Runtime/PhysXVehicles/Binaries/Win64/UE4Editor-PhysXVehiclesEditor.dll (API version 3709383).
LogModuleManager: Display: Found up-to-date module file ../../../Engine/Plugins/Runtime/ProceduralMeshComponent/Binaries/Win64/UE4Editor-ProceduralMeshComponent.dll (API version 3709383).
LogModuleManager: Display: Found up-to-date module file ../../../Engine/Plugins/Runtime/ProceduralMeshComponent/Binaries/Win64/UE4Editor-ProceduralMeshComponentEditor.dll (API version 3709383).
LogModuleManager: Display: Found up-to-date module file ../../../Engine/Plugins/Runtime/RuntimePhysXCooking/Binaries/Win64/UE4Editor-RuntimePhysXCooking.dll (API version 3709383).
LogModuleManager: Display: Found up-to-date module file ../../../Engine/Plugins/Runtime/Steam/SteamVR/Binaries/Win64/UE4Editor-SteamVR.dll (API version 3709383).
LogModuleManager: Display: Found up-to-date module file ../../../Engine/Plugins/Runtime/Steam/SteamVR/Binaries/Win64/UE4Editor-SteamVRController.dll (API version 3709383).
LogModuleManager: Display: Found up-to-date module file ../../../Engine/Plugins/Runtime/WindowsMoviePlayer/Binaries/Win64/UE4Editor-WindowsMoviePlayer.dll (API version 3709383).
LogPluginManager: Mounting plugin Paper2D
LogPluginManager: Mounting plugin LightPropagationVolume
LogPluginManager: Mounting plugin CodeLiteSourceCodeAccess
LogPluginManager: Mounting plugin GitSourceControl
LogPluginManager: Mounting plugin KDevelopSourceCodeAccess
LogPluginManager: Mounting plugin NullSourceCodeAccess
LogPluginManager: Mounting plugin PerforceSourceControl
LogPluginManager: Mounting plugin SubversionSourceControl
LogPluginManager: Mounting plugin UObjectPlugin
LogPluginManager: Mounting plugin VisualStudioCodeSourceCodeAccess
LogPluginManager: Mounting plugin VisualStudioSourceCodeAccess
LogPluginManager: Mounting plugin XCodeSourceCodeAccess
LogPluginManager: Mounting plugin AssetManagerEditor
LogPluginManager: Mounting plugin AudioCapture
LogPluginManager: Mounting plugin FacialAnimation
LogPluginManager: Mounting plugin GameplayTagsEditor
LogPluginManager: Mounting plugin MobileLauncherProfileWizard
LogPluginManager: Mounting plugin PluginBrowser
LogPluginManager: Mounting plugin SpeedTreeImporter
LogPluginManager: Mounting plugin AlembicImporter
LogPluginManager: Mounting plugin CharacterAI
LogPluginManager: Mounting plugin HTML5Networking
LogPluginManager: Mounting plugin AndroidMedia
LogPluginManager: Mounting plugin AvfMedia
LogPluginManager: Mounting plugin ImgMedia
LogPluginManager: Mounting plugin MediaCompositing
LogPluginManager: Mounting plugin MediaPlayerEditor
LogPluginManager: Mounting plugin WmfMedia
LogPluginManager: Mounting plugin TcpMessaging
LogPluginManager: Mounting plugin UdpMessaging
LogPluginManager: Mounting plugin ActorSequence
LogPluginManager: Mounting plugin LevelSequenceEditor
LogPluginManager: Mounting plugin MatineeToLevelSequence
LogPluginManager: Mounting plugin OnlineSubsystemGooglePlay
LogPluginManager: Mounting plugin OnlineSubsystemIOS
LogPluginManager: Mounting plugin OnlineSubsystem
LogPluginManager: Mounting plugin OnlineSubsystemNull
LogPluginManager: Mounting plugin OnlineSubsystemUtils
LogPluginManager: Mounting plugin AndroidDeviceProfileSelector
LogPluginManager: Mounting plugin AndroidMoviePlayer
LogPluginManager: Mounting plugin AndroidPermission
LogPluginManager: Mounting plugin AppleARKit
LogPluginManager: Mounting plugin AppleMoviePlayer
LogPluginManager: Mounting plugin ArchVisCharacter
LogPluginManager: Mounting plugin CableComponent
LogPluginManager: Mounting plugin CustomMeshComponent
LogPluginManager: Mounting plugin ExampleDeviceProfileSelector
LogPluginManager: Mounting plugin GoogleCloudMessaging
LogPluginManager: Mounting plugin ImmediatePhysics
LogPluginManager: Mounting plugin IOSDeviceProfileSelector
LogPluginManager: Mounting plugin LinuxDeviceProfileSelector
LogPluginManager: Mounting plugin LocationServicesBPLibrary
LogPluginManager: Mounting plugin MobilePatchingUtils
LogPluginManager: Mounting plugin OculusVR
LogPluginManager: Plugin shader directory ../../../Engine/Plugins/Runtime/Oculus/OculusVR/Shaders found
LogPluginManager: Mapping shader source directory ../../../Engine/Plugins/Runtime/Oculus/OculusVR/Shaders to virtual directory /Plugin/OculusVR
LogPluginManager: Mounting plugin PhysXVehicles
LogPluginManager: Mounting plugin ProceduralMeshComponent
LogPluginManager: Mounting plugin RuntimePhysXCooking
LogPluginManager: Mounting plugin SteamVR
LogPluginManager: Mounting plugin WindowsMoviePlayer
LogInit: Using libcurl 7.47.1
LogInit:  - built for x86_64-pc-win32
LogInit:  - supports SSL with OpenSSL/1.0.2g
LogInit:  - supports HTTP deflate (compression) using libz 1.2.8
LogInit:  - other features:
LogInit:      CURL_VERSION_SSL
LogInit:      CURL_VERSION_LIBZ
LogInit:      CURL_VERSION_IPV6
LogInit:      CURL_VERSION_ASYNCHDNS
LogInit:      CURL_VERSION_LARGEFILE
LogInit:      CURL_VERSION_IDN
LogInit:  CurlRequestOptions (configurable via config and command line):
LogInit:  - bVerifyPeer = false  - Libcurl will NOT verify peer certificate
LogInit:  - bUseHttpProxy = false  - Libcurl will NOT use HTTP proxy
LogInit:  - bDontReuseConnections = false  - Libcurl will reuse connections
LogInit:  - CertBundlePath = nullptr  - Libcurl will use whatever was configured at build time.
LogInit: Build: ++UE4+Release-4.18-CL-3832480
LogInit: Engine Version: 4.18.3-3832480+++UE4+Release-4.18
LogInit: Compatible Engine Version: 4.18.0-3709383+++UE4+Release-4.18
LogInit: Net CL: 3709383
LogDevObjectVersion: Number of dev versions registered: 16
LogDevObjectVersion:   Dev-Blueprints (B0D832E4-1F89-4F0D-ACCF-7EB736FD4AA2): 10
LogDevObjectVersion:   Dev-Build (E1C64328-A22C-4D53-A36C-8E866417BD8C): 0
LogDevObjectVersion:   Dev-Core (375EC13C-06E4-48FB-B500-84F0262A717E): 2
LogDevObjectVersion:   Dev-Editor (E4B068ED-F494-42E9-A231-DA0B2E46BB41): 20
LogDevObjectVersion:   Dev-Framework (CFFC743F-43B0-4480-9391-14DF171D2073): 30
LogDevObjectVersion:   Dev-Mobile (B02B49B5-BB20-44E9-A304-32B752E40360): 0
LogDevObjectVersion:   Dev-Networking (A4E4105C-59A1-49B5-A7C5-40C4547EDFEE): 0
LogDevObjectVersion:   Dev-Online (39C831C9-5AE6-47DC-9A44-9C173E1C8E7C): 0
LogDevObjectVersion:   Dev-Physics (78F01B33-EBEA-4F98-B9B4-84EACCB95AA2): 0
LogDevObjectVersion:   Dev-Platform (6631380F-2D4D-43E0-8009-CF276956A95A): 0
LogDevObjectVersion:   Dev-Rendering (12F88B9F-8875-4AFC-A67C-D90C383ABD29): 20
LogDevObjectVersion:   Dev-Sequencer (7B5AE74C-D270-4C10-A958-57980B212A5A): 4
LogDevObjectVersion:   Dev-VR (D7296918-1DD6-4BDD-9DE2-64A83CC13884): 0
LogDevObjectVersion:   Dev-LoadTimes (C2A15278-BFE7-4AFE-6C17-90FF531DF755): 1
LogDevObjectVersion:   Private-Geometry (6EACA3D4-40EC-4CC1-B786-8BED09428FC5): 1
LogDevObjectVersion:   Dev-AnimPhys (29E575DD-E0A3-4627-9D10-D276232CDCEA): 12
LogInit: Compiled (64-bit): Jan 12 2018 02:04:55
LogInit: Compiled with Visual C++: 19.00.24215.01
LogInit: Build Configuration: Development
LogInit: Branch Name: ++UE4+Release-4.18
LogInit: Command line: -EpicPortal 
LogInit: Base directory: C:/Program Files/Epic Games/UE_4.18/Engine/Binaries/Win64/
LogInit: Installed Engine Build: 1
LogInit: Presizing for max 8388607 objects, including 0 objects not considered by GC, pre-allocating 0 bytes for permanent pool.
LogInit: Object subsystem initialized
[2018.05.26-15.37.20:863][  0]LogInit: Selected Device Profile: [Windows]
[2018.05.26-15.37.20:863][  0]LogInit: Applying CVar settings loaded from the selected device profile: [Windows]
[2018.05.26-15.37.20:886][  0]LogInit: Computer: K104-0060
[2018.05.26-15.37.20:886][  0]LogInit: User: qroze
[2018.05.26-15.37.20:886][  0]LogInit: CPU Page size=4096, Cores=4
[2018.05.26-15.37.20:886][  0]LogInit: High frequency timer resolution =3.903992 MHz
[2018.05.26-15.37.20:887][  0]LogMemory: Memory total: Physical=15.9GB (16GB approx)
[2018.05.26-15.37.20:887][  0]LogMemory: Platform Memory Stats for Windows
[2018.05.26-15.37.20:887][  0]LogMemory: Process Physical Memory: 275.97 MB used, 275.97 MB peak
[2018.05.26-15.37.20:887][  0]LogMemory: Process Virtual Memory: 272.02 MB used, 272.02 MB peak
[2018.05.26-15.37.20:887][  0]LogMemory: Physical Memory: 4806.14 MB used,  11520.79 MB free, 16326.93 MB total
[2018.05.26-15.37.20:887][  0]LogMemory: Virtual Memory: 684.95 MB used,  11520.79 MB free, 134217728.00 MB total
[2018.05.26-15.37.21:034][  0]LogInit: Using OS detected language (fr-FR).
[2018.05.26-15.37.21:034][  0]LogInit: Using OS detected locale (fr-FR).
[2018.05.26-15.37.21:036][  0]LogTextLocalizationManager: No localization for 'fr-FR' exists, so 'en' will be used for the language.
[2018.05.26-15.37.21:037][  0]LogTextLocalizationManager: No localization for 'fr-FR' exists, so 'en' will be used for the locale.
[2018.05.26-15.37.21:372][  0]LogInit: Setting process to per monitor DPI aware
[2018.05.26-15.37.21:573][  0]LogD3D11RHI: D3D11 adapters:
[2018.05.26-15.37.21:605][  0]LogD3D11RHI:    0. 'NVIDIA GeForce GTX 960' (Feature Level 11_0)
[2018.05.26-15.37.21:605][  0]LogD3D11RHI:       2016/0/8163 MB DedicatedVideo/DedicatedSystem/SharedSystem, Outputs:2, VendorId:0x10de
[2018.05.26-15.37.21:607][  0]LogD3D11RHI:    1. 'Microsoft Basic Render Driver' (Feature Level 11_0)
[2018.05.26-15.37.21:607][  0]LogD3D11RHI:       0/0/8163 MB DedicatedVideo/DedicatedSystem/SharedSystem, Outputs:0, VendorId:0x1414
[2018.05.26-15.37.21:607][  0]LogD3D11RHI: Chosen D3D11 Adapter: 0
[2018.05.26-15.37.21:612][  0]LogD3D11RHI: Creating new Direct3DDevice
[2018.05.26-15.37.21:612][  0]LogD3D11RHI:     GPU DeviceId: 0x1401 (for the marketing name, search the web for "GPU Device Id")
[2018.05.26-15.37.21:612][  0]LogWindows: EnumDisplayDevices:
[2018.05.26-15.37.21:612][  0]LogWindows:    0. 'NVIDIA GeForce GTX 960' (P:1 D:1)
[2018.05.26-15.37.21:612][  0]LogWindows:    1. 'NVIDIA GeForce GTX 960' (P:0 D:1)
[2018.05.26-15.37.21:612][  0]LogWindows:    2. 'NVIDIA GeForce GTX 960' (P:0 D:0)
[2018.05.26-15.37.21:612][  0]LogWindows:    3. 'NVIDIA GeForce GTX 960' (P:0 D:0)
[2018.05.26-15.37.21:612][  0]LogWindows: DebugString: GetVideoDriverDetailsInvalid PrimaryIsNotTheChoosenAdapter GetVideoDriverDetailsInvalid PrimaryIsNotTheChoosenAdapter GetVideoDriverDetailsInvalid PrimaryIsNotTheChoosenAdapter GetVideoDriverDetailsInvalid PrimaryIsNotTheChoosenAdapter FoundDriverCount:0 
[2018.05.26-15.37.21:612][  0]LogD3D11RHI:     Adapter Name: NVIDIA GeForce GTX 960
[2018.05.26-15.37.21:612][  0]LogD3D11RHI:   Driver Version: Unknown (internal:Unknown, unified:Unknown)
[2018.05.26-15.37.21:612][  0]LogD3D11RHI:      Driver Date: Unknown
[2018.05.26-15.37.21:612][  0]LogRHI: Texture pool is 1411 MB (70% of 2016 MB)
[2018.05.26-15.37.21:631][  0]LogD3D11RHI: Async texture creation enabled
[2018.05.26-15.37.21:642][  0]LogD3D11RHI: GPU Timing Frequency: 1000.000000 (Debug: 2 1)
[2018.05.26-15.37.21:645][  0]LogD3D11RHI: HDR output is supported on display 1 (NvId: 0x80061086).
[2018.05.26-15.37.21:645][  0]LogShaderCompilers: Guid format shader working directory is -48 characters bigger than the processId version (../../../../../../Users/q.roze/Desktop/BOULOT/PROJETS PERSOS/LEVEL DESIGN/AC 5/AC5LD/ACProject/Intermediate/Shaders/WorkingDirectory/10452/).
[2018.05.26-15.37.21:645][  0]LogShaderCompilers: Cleaned the shader compiler working directory 'C:/Users/q.roze/AppData/Local/Temp/UnrealShaderWorkingDir/09041EEA4F6BE0CBE6E9EF810885DE10/'.
[2018.05.26-15.37.21:645][  0]LogShaderCompilers: Display: Using Local Shader Compiler.
[2018.05.26-15.37.22:397][  0]LogTemp: Display: Loaded TP AllDesktopTargetPlatform
[2018.05.26-15.37.22:440][  0]LogTemp: Display: Loaded TP MacClientTargetPlatform
[2018.05.26-15.37.22:483][  0]LogTemp: Display: Loaded TP MacNoEditorTargetPlatform
[2018.05.26-15.37.22:526][  0]LogTemp: Display: Loaded TP MacServerTargetPlatform
[2018.05.26-15.37.22:569][  0]LogTemp: Display: Loaded TP MacTargetPlatform
[2018.05.26-15.37.22:614][  0]LogTemp: Display: Loaded TP WindowsClientTargetPlatform
[2018.05.26-15.37.22:656][  0]LogTemp: Display: Loaded TP WindowsNoEditorTargetPlatform
[2018.05.26-15.37.22:699][  0]LogTemp: Display: Loaded TP WindowsServerTargetPlatform
[2018.05.26-15.37.22:736][  0]LogTemp: Display: Loaded TP WindowsTargetPlatform
[2018.05.26-15.37.22:777][  0]LogTemp: Display: Loaded TP Android_ASTCTargetPlatform
[2018.05.26-15.37.22:819][  0]LogTemp: Display: Loaded TP Android_ATCTargetPlatform
[2018.05.26-15.37.22:859][  0]LogTemp: Display: Loaded TP Android_DXTTargetPlatform
[2018.05.26-15.37.22:900][  0]LogTemp: Display: Loaded TP Android_ETC1TargetPlatform
[2018.05.26-15.37.22:942][  0]LogTemp: Display: Loaded TP Android_ETC2TargetPlatform
[2018.05.26-15.37.23:025][  0]LogTemp: Display: Loaded TP Android_MultiTargetPlatform
[2018.05.26-15.37.23:025][  0]LogTemp: Display: Loaded TP Android_PVRTCTargetPlatform
[2018.05.26-15.37.23:067][  0]LogTemp: Display: Loaded TP AndroidTargetPlatform
[2018.05.26-15.37.23:100][  0]LogTemp: Display: Loaded TP HTML5TargetPlatform
[2018.05.26-15.37.23:177][  0]LogTemp: Display: Loaded TP IOSTargetPlatform
[2018.05.26-15.37.23:199][  0]LogTemp: Display: Loaded TP TVOSTargetPlatform
[2018.05.26-15.37.23:241][  0]LogTemp: Display: Loaded TP LinuxClientTargetPlatform
[2018.05.26-15.37.23:287][  0]LogTemp: Display: Loaded TP LinuxNoEditorTargetPlatform
[2018.05.26-15.37.23:333][  0]LogTemp: Display: Loaded TP LinuxServerTargetPlatform
[2018.05.26-15.37.23:375][  0]LogTemp: Display: Loaded TP LinuxTargetPlatform
[2018.05.26-15.37.23:375][  0]LogTargetPlatformManager: Display: Building Assets For Windows
[2018.05.26-15.37.23:753][  0]LogDerivedDataCache: Display: Max Cache Size: 512 MB
[2018.05.26-15.37.23:816][  0]LogDerivedDataCache: Loaded boot cache 0.06s 79MB C:/Users/q.roze/AppData/Local/UnrealEngine/4.18/DerivedDataCache/Boot.ddc.
[2018.05.26-15.37.23:816][  0]LogDerivedDataCache: Display: Loaded Boot cache: C:/Users/q.roze/AppData/Local/UnrealEngine/4.18/DerivedDataCache/Boot.ddc
[2018.05.26-15.37.23:816][  0]LogDerivedDataCache: FDerivedDataBackendGraph:  Pak pak cache file ../../../../../../Users/q.roze/Desktop/BOULOT/PROJETS PERSOS/LEVEL DESIGN/AC 5/AC5LD/ACProject/DerivedDataCache/DDC.ddp not found, will not use a pak cache.
[2018.05.26-15.37.23:816][  0]LogDerivedDataCache: Unable to find inner node Pak for hierarchical cache Hierarchy.
[2018.05.26-15.37.23:816][  0]LogDerivedDataCache: FDerivedDataBackendGraph:  CompressedPak pak cache file ../../../../../../Users/q.roze/Desktop/BOULOT/PROJETS PERSOS/LEVEL DESIGN/AC 5/AC5LD/ACProject/DerivedDataCache/Compressed.ddp not found, will not use a pak cache.
[2018.05.26-15.37.23:816][  0]LogDerivedDataCache: Unable to find inner node CompressedPak for hierarchical cache Hierarchy.
[2018.05.26-15.37.23:829][  0]LogDerivedDataCache: Display: Pak cache opened for reading ../../../Engine/DerivedDataCache/Compressed.ddp.
[2018.05.26-15.37.23:841][  0]LogDerivedDataCache: Using Local data cache path C:/Users/q.roze/AppData/Local/UnrealEngine/Common/DerivedDataCache: Writable
[2018.05.26-15.37.23:849][  0]LogMaterial: Verifying Global Shaders for PCD3D_SM5
[2018.05.26-15.37.23:850][  0]LogSlate: Using Freetype 2.6.0
[2018.05.26-15.37.23:850][  0]LogSlate: SlateFontCache - WITH_FREETYPE: 1, WITH_HARFBUZZ: 1
[2018.05.26-15.37.23:850][  0]LogSlate: SlateFontCache - WITH_FREETYPE: 1, WITH_HARFBUZZ: 1
[2018.05.26-15.37.24:147][  0]LogInit: Selected Device Profile: [Windows]
[2018.05.26-15.37.24:421][  0]LogSimplygon: Simplygon DLL not present - disabling.
[2018.05.26-15.37.24:454][  0]LogMeshReduction: Using SimplygonSwarm for distributed automatic mesh merging
[2018.05.26-15.37.24:454][  0]LogMeshReduction: Using QuadricMeshReduction for automatic static mesh reduction
[2018.05.26-15.37.24:454][  0]LogMeshReduction: No automatic skeletal mesh reduction module available
[2018.05.26-15.37.24:454][  0]LogMeshReduction: No automatic mesh merging module available
[2018.05.26-15.37.24:454][  0]LogMeshMerging: No automatic mesh merging module available
[2018.05.26-15.37.24:482][  0]LogNetVersion: ACProject , NetCL: 3709383, EngineNetVer: 2, GameNetVer: 0 (Checksum: 598294695)
[2018.05.26-15.37.24:618][  0]LogAssetRegistry: FAssetRegistry took 0.0257 seconds to start up
[2018.05.26-15.37.25:000][  0]LogPackageLocalizationCache: Processed 7 localized package path(s) for 1 prioritized culture(s) in 0.027127 seconds
[2018.05.26-15.37.25:005][  0]LogUObjectArray: 35870 objects as part of root set at end of initial load.
[2018.05.26-15.37.25:005][  0]LogUObjectAllocator: 7363704 out of 0 bytes used by permanent object pool.
[2018.05.26-15.37.25:005][  0]LogUObjectArray: CloseDisregardForGC: 0/0 objects in disregard for GC pool
[2018.05.26-15.37.25:049][  0]LogInit: WinSock: version 1.1 (2.2), MaxSocks=32767, MaxUdp=65467
[2018.05.26-15.37.27:283][  0]LogTcpMessaging: Initializing TcpMessaging bridge
[2018.05.26-15.37.27:321][  0]LogUdpMessaging: Initializing bridge on interface 0.0.0.0:0 to multicast group 230.0.0.1:6666.
[2018.05.26-15.37.27:919][  0]LogMaterial: Uniform references updated for custom material expression Custom.
[2018.05.26-15.37.28:271][  0]SourceControl: Source control is disabled
[2018.05.26-15.37.28:271][  0]SourceControl: Source control is disabled
[2018.05.26-15.37.28:317][  0]SourceControl: Source control is disabled
[2018.05.26-15.37.28:361][  0]SourceControl: Source control is disabled
[2018.05.26-15.37.29:044][  0]LogAndroidPermission: UAndroidPermissionCallbackProxy::GetInstance
[2018.05.26-15.37.29:269][  0]LogOcInput: OculusInput pre-init called
[2018.05.26-15.37.29:529][  0]LogEngine: Initializing Engine...
[2018.05.26-15.37.29:531][  0]LogHMD: Failed to initialize OpenVR with code 110
[2018.05.26-15.37.29:700][  0]LogStats: UGameplayTagsManager::ConstructGameplayTagTree: Construct from data asset -  0.000 s
[2018.05.26-15.37.29:700][  0]LogStats: UGameplayTagsManager::ConstructGameplayTagTree: GameplayTagTreeChangedEvent.Broadcast -  0.000 s
[2018.05.26-15.37.29:806][  0]LogAIModule: Creating AISystem for world Untitled
[2018.05.26-15.37.29:815][  0]LogInit: XAudio2 using 'Casque (Périphérique High Definition Audio)' : 2 channels at 48 kHz using 16 bits per sample (channel mask 0x3)
[2018.05.26-15.37.29:825][  0]LogInit: FAudioDevice initialized.
[2018.05.26-15.37.29:971][  0]LogDerivedDataCache: Saved boot cache 0.15s 78MB C:/Users/q.roze/AppData/Local/UnrealEngine/4.18/DerivedDataCache/Boot.ddc.
[2018.05.26-15.37.29:983][  0]LogInit: Texture streaming: Enabled
[2018.05.26-15.37.30:064][  0]LogEngineSessionManager: EngineSessionManager initialized
[2018.05.26-15.37.30:175][  0]LogInit: Transaction tracking system initialized
[2018.05.26-15.37.30:439][  0]BlueprintLog: New page: Editor Load
[2018.05.26-15.37.31:183][  0]LocalizationService: Localization service is disabled
[2018.05.26-15.37.31:811][  0]LogConsoleResponse: Display: 
[2018.05.26-15.37.31:958][  0]LogCook: Display: Max memory allowance for cook 16384mb min free memory 0mb
[2018.05.26-15.37.31:958][  0]LogCook: Display: Mobile HDR setting 1
[2018.05.26-15.37.31:958][  0]LogGameplayTags: Display: UGameplayTagsManager::DoneAddingNativeTags. DelegateIsBound: 0
[2018.05.26-15.37.32:923][  0]LogFileCache: Scanning file cache for directory 'C:/Users/q.roze/Desktop/BOULOT/PROJETS PERSOS/LEVEL DESIGN/AC 5/AC5LD/ACProject/Content/' took 0.01s
[2018.05.26-15.37.32:961][  0]SourceControl: Source control is disabled
[2018.05.26-15.37.32:961][  0]LightingResults: New page: Lighting Build
[2018.05.26-15.37.32:995][  0]MapCheck: New page: Map Check
[2018.05.26-15.37.32:995][  0]LightingResults: New page: Lighting Build
[2018.05.26-15.37.33:308][  0]LogAIModule: Creating AISystem for world ThirdPersonExampleMap
[2018.05.26-15.37.33:317][  0]LogEditorServer: Finished looking for orphan Actors (0.000 secs)
[2018.05.26-15.37.33:328][  0]Cmd: MAP CHECKDEP NOCLEARLOG
[2018.05.26-15.37.33:373][  0]MapCheck: Map check complete: 0 Error(s), 0 Warning(s), took 45.157ms to complete.
[2018.05.26-15.37.33:373][  0]LogFileHelpers: Loading map 'ThirdPersonExampleMap' took 0.413
[2018.05.26-15.37.33:507][  0]LogCollectionManager: Loaded 0 collections in 0.001747 seconds
[2018.05.26-15.37.33:634][  0]LogFileCache: Scanning file cache for directory 'C:/Users/q.roze/Desktop/BOULOT/PROJETS PERSOS/LEVEL DESIGN/AC 5/AC5LD/ACProject/Saved/Collections/' took 0.01s
[2018.05.26-15.37.33:634][  0]LogFileCache: Scanning file cache for directory 'C:/Users/q.roze/Desktop/BOULOT/PROJETS PERSOS/LEVEL DESIGN/AC 5/AC5LD/ACProject/Content/Developers/qroze/Collections/' took 0.01s
[2018.05.26-15.37.33:634][  0]LogFileCache: Scanning file cache for directory 'C:/Users/q.roze/Desktop/BOULOT/PROJETS PERSOS/LEVEL DESIGN/AC 5/AC5LD/ACProject/Content/Collections/' took 0.01s
[2018.05.26-15.37.33:634][  0]LogCollectionManager: Rebuilt the GUID cache for 0 collections in 0.000001 seconds
[2018.05.26-15.37.33:649][  0]LogContentBrowser: Native class hierarchy populated in 0.0145 seconds. Added 2363 classes and 519 folders.
[2018.05.26-15.37.33:701][  0]LogContentBrowser: Native class hierarchy updated for 'WidgetCarousel' in 0.0002 seconds. Added 0 classes and 0 folders.
[2018.05.26-15.37.33:735][  0]LogContentBrowser: Native class hierarchy updated for 'AddContentDialog' in 0.0002 seconds. Added 0 classes and 0 folders.
[2018.05.26-15.37.33:772][  0]LogContentBrowser: Native class hierarchy updated for 'SceneOutliner' in 0.0002 seconds. Added 1 classes and 2 folders.
[2018.05.26-15.37.33:812][  0]LogContentBrowser: Native class hierarchy updated for 'WorldBrowser' in 0.0002 seconds. Added 2 classes and 3 folders.
[2018.05.26-15.37.33:866][  0]LogSlate: Took 0.000193 seconds to synchronously load lazily loaded font '../../../Engine/Content/Slate/Fonts/Roboto-Regular.ttf' (155K)
[2018.05.26-15.37.33:868][  0]LogSlate: Took 0.000154 seconds to synchronously load lazily loaded font '../../../Engine/Content/Slate/Fonts/Roboto-Bold.ttf' (160K)
[2018.05.26-15.37.33:873][  0]LogSlate: Took 0.000171 seconds to synchronously load lazily loaded font '../../../Engine/Content/Editor/Slate/Fonts/FontAwesome.ttf' (139K)
[2018.05.26-15.37.33:952][  0]LogRenderer: Reallocating scene render targets to support 1096x692 Format 10 NumSamples 1 (Frame:1).
[2018.05.26-15.37.34:086][  0]LogContentBrowser: Native class hierarchy updated for 'HierarchicalLODOutliner' in 0.0002 seconds. Added 1 classes and 2 folders.
[2018.05.26-15.37.34:086][  0]LogLoad: (Engine Initialization) Total time: 15.38 seconds
[2018.05.26-15.37.34:086][  0]LogLoad: (Engine Initialization) Total Blueprint compile time: 0.00 seconds
[2018.05.26-15.37.34:086][  0]LogExternalProfiler: No external profilers were discovered.  External profiling features will not be available.
[2018.05.26-15.37.34:459][  0]LogContentStreaming: Texture pool size now 1000 MB
[2018.05.26-15.37.34:537][  0]LogSlate: Took 0.000166 seconds to synchronously load lazily loaded font '../../../Engine/Content/Slate/Fonts/Roboto-Light.ttf' (159K)
[2018.05.26-15.37.35:097][  2]LogAssetRegistry: Asset discovery search completed in 10.5020 seconds
[2018.05.26-15.37.35:098][  2]LogCollectionManager: Rebuilt the object cache for 0 collections in 0.000001 seconds (found 0 objects)
[2018.05.26-15.37.35:098][  2]LogCollectionManager: Fixed up redirectors for 0 collections in 0.000055 seconds (updated 0 objects)
[2018.05.26-15.37.35:449][  3]LogSlate: Took 0.000771 seconds to synchronously load lazily loaded font '../../../Engine/Content/Slate/Fonts/Roboto-Light.ttf' (159K)
[2018.05.26-15.37.41:410][277]LogWindowsTextInputMethodSystem: Display: IME system now deactivated.
[2018.05.26-15.37.41:410][277]LogWindowsTextInputMethodSystem: Display: IME system now deactivated.
[2018.05.26-15.38.20:358][801]LogGeometryMode: Warning: Unable to find LinearStairBrush Brush(s) in new BSP
[2018.05.26-15.38.20:358][801]LogGeometryMode: Warning: Unable to find all previously selected geometry data, resetting selection
[2018.05.26-15.38.27:114][597]Cmd: DUPLICATE
[2018.05.26-15.38.27:114][597]Cmd: ACTOR DUPLICATE
[2018.05.26-15.38.30:236][963]LogWindowsTextInputMethodSystem: Display: IME system now deactivated.
[2018.05.26-15.38.30:236][963]LogWindowsTextInputMethodSystem: Display: IME system now deactivated.
[2018.05.26-15.38.30:569][  3]Cmd: TRANSACTION UNDO
[2018.05.26-15.38.30:569][  3]LogEditorTransaction: Undo Duplicate Actors
[2018.05.26-15.38.30:573][  3]LogActorComponent: RegisterComponentWithWorld: (/Game/ThirdPersonBP/Maps/ThirdPersonExampleMap.ThirdPersonExampleMap:PersistentLevel.LinearStairBrush_0.BrushComponent0) Trying to register component with IsPendingKill() == true. Aborting.
[2018.05.26-15.38.30:938][ 41]Cmd: TRANSACTION UNDO
[2018.05.26-15.38.30:938][ 41]LogEditorTransaction: Undo Edit Step Width
[2018.05.26-15.39.44:766][570]LogGeometryMode: Warning: Unable to find BoxBrush2 Brush(s) in new BSP
[2018.05.26-15.39.44:766][570]LogGeometryMode: Warning: Unable to find all previously selected geometry data, resetting selection
[2018.05.26-15.39.51:558][346]LogDialogs: Warning: Suppressed: Extrude only works with Local Coordinates System
[2018.05.26-15.39.57:333][994]Cmd: TRANSACTION UNDO
[2018.05.26-15.39.57:333][994]LogEditorTransaction: Undo Move Actors
[2018.05.26-15.39.57:336][994]LogGeometryMode: Warning: Unable to find 1 Poly(s) in new BSP
[2018.05.26-15.39.57:336][994]LogGeometryMode: Warning: Unable to resolve BoxBrush2 Brush in new BSP, see above
[2018.05.26-15.39.57:336][994]LogGeometryMode: Warning: Unable to find all previously selected geometry data, resetting selection
[2018.05.26-15.40.01:420][472]LogGeometryMode: Warning: Unable to find LinearStairBrush Brush(s) in new BSP
[2018.05.26-15.40.01:420][472]LogGeometryMode: Warning: Unable to find all previously selected geometry data, resetting selection
[2018.05.26-15.40.04:718][854]LogEditorViewport: Clicking on Actor (CTRL LMB): StaticMeshActor (Floor)
[2018.05.26-15.40.34:253][234]Cmd: TRANSACTION UNDO
[2018.05.26-15.40.34:253][234]LogEditorTransaction: Undo Modifier [Edit]
[2018.05.26-15.40.34:254][234]LogGeometryMode: Warning: Unable to find LinearStairBrush Brush(s) in new BSP
[2018.05.26-15.40.34:254][234]LogGeometryMode: Warning: Unable to find all previously selected geometry data, resetting selection
[2018.05.26-15.41.01:337][100]LogGeometryMode: Warning: Unable to find LinearStairBrush Brush(s) in new BSP
[2018.05.26-15.41.01:337][100]LogGeometryMode: Warning: Unable to find all previously selected geometry data, resetting selection
[2018.05.26-15.41.06:675][707]LogDialogs: Warning: Suppressed: Extrude only works with Local Coordinates System
[2018.05.26-15.41.14:828][633]LogWindows: Windows GetLastError: L’opération a réussi. (0)
[2018.05.26-15.41.19:941][633]LogWindows: Error: === Critical error: ===
[2018.05.26-15.41.19:941][633]LogWindows: Error: 
[2018.05.26-15.41.19:941][633]LogWindows: Error: Assertion failed: (Index >= 0) & (Index < ArrayNum) [File:D:\Build\++UE4+Release-4.18+Compile\Sync\Engine\Source\Runtime\Core\Public\Containers/Array.h] [Line: 610] 
[2018.05.26-15.41.19:941][633]LogWindows: Error: Array index out of bounds: 20 from an array of size 10
[2018.05.26-15.41.19:941][633]LogWindows: Error: 
[2018.05.26-15.41.19:941][633]LogWindows: Error: 
[2018.05.26-15.41.19:941][633]LogWindows: Error: [Callstack] 0x000000005AC73FB8 KERNELBASE.dll!UnknownFunction []
[2018.05.26-15.41.19:941][633]LogWindows: Error: [Callstack] 0x00000000369576D4 UE4Editor-ApplicationCore.dll!UnknownFunction []
[2018.05.26-15.41.19:941][633]LogWindows: Error: [Callstack] 0x0000000016A8330B UE4Editor-Core.dll!UnknownFunction []
[2018.05.26-15.41.19:941][633]LogWindows: Error: [Callstack] 0x0000000016A147F9 UE4Editor-Core.dll!UnknownFunction []
[2018.05.26-15.41.19:941][633]LogWindows: Error: [Callstack] 0x000000000104B838 UE4Editor-GeometryMode.dll!UnknownFunction []
[2018.05.26-15.41.19:941][633]LogWindows: Error: [Callstack] 0x0000000001066140 UE4Editor-GeometryMode.dll!UnknownFunction []
[2018.05.26-15.41.19:941][633]LogWindows: Error: [Callstack] 0x0000000001067EFC UE4Editor-GeometryMode.dll!UnknownFunction []
[2018.05.26-15.41.19:941][633]LogWindows: Error: [Callstack] 0x0000000001065FDD UE4Editor-GeometryMode.dll!UnknownFunction []
[2018.05.26-15.41.19:941][633]LogWindows: Error: [Callstack] 0x0000000012B87B1B UE4Editor-UnrealEd.dll!UnknownFunction []
[2018.05.26-15.41.19:941][633]LogWindows: Error: [Callstack] 0x0000000012B1A16D UE4Editor-UnrealEd.dll!UnknownFunction []
[2018.05.26-15.41.19:941][633]LogWindows: Error: [Callstack] 0x0000000012B88CAF UE4Editor-UnrealEd.dll!UnknownFunction []
[2018.05.26-15.41.19:941][633]LogWindows: Error: [Callstack] 0x0000000012F610FE UE4Editor-UnrealEd.dll!UnknownFunction []
[2018.05.26-15.41.19:941][633]LogWindows: Error: [Callstack] 0x0000000012BA8849 UE4Editor-UnrealEd.dll!UnknownFunction []
[2018.05.26-15.41.19:941][633]LogWindows: Error: [Callstack] 0x0000000012BA3860 UE4Editor-UnrealEd.dll!UnknownFunction []
[2018.05.26-15.41.19:941][633]LogWindows: Error: [Callstack] 0x0000000012F72D91 UE4Editor-UnrealEd.dll!UnknownFunction []
[2018.05.26-15.41.19:941][633]LogWindows: Error: [Callstack] 0x0000000012AC6ECF UE4Editor-UnrealEd.dll!UnknownFunction []
[2018.05.26-15.41.19:941][633]LogWindows: Error: [Callstack] 0x0000000013374AC6 UE4Editor-UnrealEd.dll!UnknownFunction []
[2018.05.26-15.41.19:941][633]LogWindows: Error: [Callstack] 0x00000000B3065A26 UE4Editor.exe!UnknownFunction []
[2018.05.26-15.41.19:941][633]LogWindows: Error: [Callstack] 0x00000000B3075430 UE4Editor.exe!UnknownFunction []
[2018.05.26-15.41.19:941][633]LogWindows: Error: [Callstack] 0x00000000B30754AA UE4Editor.exe!UnknownFunction []
[2018.05.26-15.41.19:941][633]LogWindows: Error: [Callstack] 0x00000000B3082379 UE4Editor.exe!UnknownFunction []
[2018.05.26-15.41.19:941][633]LogWindows: Error: [Callstack] 0x00000000B3083D57 UE4Editor.exe!UnknownFunction []
[2018.05.26-15.41.19:941][633]LogWindows: Error: [Callstack] 0x000000005C541FE4 KERNEL32.DLL!UnknownFunction []
[2018.05.26-15.41.19:941][633]LogWindows: Error: [Callstack] 0x000000005DB1EFB1 ntdll.dll!UnknownFunction []
[2018.05.26-15.41.19:941][633]LogWindows: Error: [Callstack] 0x000000005DB1EFB1 ntdll.dll!UnknownFunction []
[2018.05.26-15.41.19:941][633]LogWindows: Error: 
[2018.05.26-15.41.19:952][633]LogExit: Executing StaticShutdownAfterError
[2018.05.26-15.41.19:956][633]LogWindows: FPlatformMisc::RequestExit(1)
[2018.05.26-15.41.19:956][633]Log file closed, 05/26/18 17:41:19
